#
# A fatal error has been detected by the Java Runtime Environment:
#
#  SIGSEGV (0xb) at pc=0x00007f68d03f047a, pid=1688, tid=0x00007f68c4926700
#
# JRE version: OpenJDK Runtime Environment (8.0_141-b15) (build 1.8.0_141-BLFS-b15)
# Java VM: OpenJDK 64-Bit Server VM (25.141-b15 mixed mode linux-amd64 compressed oops)
# Problematic frame:
# v  ~BufferBlob::jni_fast_GetLongField
#
# Failed to write core dump. Core dumps have been disabled. To enable core dumping, try "ulimit -c unlimited" before starting Java again
#
# If you would like to submit a bug report, please visit:
#   http://bugreport.java.com/bugreport/crash.jsp
# The crash happened outside the Java Virtual Machine in native code.
# See problematic frame for where to report the bug.
#

---------------  T H R E A D  ---------------

Current thread (0x00007f6888121800):  JavaThread "AWT-XAWT" daemon [_thread_in_native, id=1789, stack(0x00007f68c4826000,0x00007f68c4927000)]

siginfo: si_signo: 11 (SIGSEGV), si_code: 1 (SEGV_MAPERR), si_addr: 0x0000000000000000

Registers:
RAX=0x00007f68e56ecf60, RBX=0x00007f68881219e0, RCX=0x0000000000000001, RDX=0x0000000000000042
RSP=0x00007f68c49257f8, RBP=0x00007f68c4925820, RSI=0x0000000000000000, RDI=0x00007f68881219e0
R8 =0x00007f68c5cfbab0, R9 =0x0000000000000000, R10=0x00000000000001e2, R11=0x00007f68d061dcd8
R12=0x0000000000000000, R13=0x0000000000000000, R14=0x00007f68c643eae0, R15=0x00007f6888121800
RIP=0x00007f68d03f047a, EFLAGS=0x0000000000010246, CSGSFS=0x002b000000000033, ERR=0x0000000000000004
  TRAPNO=0x000000000000000e

Top of Stack: (sp=0x00007f68c49257f8)
0x00007f68c49257f8:   00007f68c621c624 00007f68cd2ed5d0
0x00007f68c4925808:   0000000000000000 00007f68c49258d0
0x00007f68c4925818:   00007f68c49258a0 00007f686006c150
0x00007f68c4925828:   00007f68c5d03c4d 00007f68cd2ed5d0
0x00007f68c4925838:   00007f68c4925860 0000000000000000
0x00007f68c4925848:   00007f68c5cfbad3 00007f68c49258d0
0x00007f68c4925858:   00007f68c6214a8f 00007f68c49258b0
0x00007f68c4925868:   00007f68d061dd76 0000000000000000
0x00007f68c4925878:   00007f68d05a7b76 00007f68c49258d0
0x00007f68c4925888:   00007f68d04fa86c 00007f68c4925930
0x00007f68c4925898:   00000000c00a4370 00000000c00004b0
0x00007f68c49258a8:   0000000000000031 00007f68c4925930
0x00007f68c49258b8:   00007f68d038e7d0 00007f68c4925930
0x00007f68c49258c8:   00007f68d038e7d0 0000000000000000
0x00007f68c49258d8:   00007f68d038eb10 00007f6880001100
0x00007f68c49258e8:   00000000c0066eb8 00007f68c49258f0
0x00007f68c49258f8:   00007f68cd255374 00007f68c4925978
0x00007f68c4925908:   00007f68cd2b2560 0000000000000000
0x00007f68c4925918:   00007f68cd2554b0 00007f68c49258d0
0x00007f68c4925928:   00007f68c4925970 00007f68c49259c0
0x00007f68c4925938:   00007f68d038effd 0000000000000000
0x00007f68c4925948:   0000000000000000 0000000000000000
0x00007f68c4925958:   0000000000000000 0000000000000000
0x00007f68c4925968:   00000000c0066eb8 0000000000000000
0x00007f68c4925978:   00000000c0066e60 00007f68c4925980
0x00007f68c4925988:   00007f68cd2551b5 00007f68c49259d0
0x00007f68c4925998:   00007f68cd2b2560 0000000000000000
0x00007f68c49259a8:   00007f68cd2551c0 00007f68c4925970
0x00007f68c49259b8:   00007f68c49259d0 00007f68c4925a18
0x00007f68c49259c8:   00007f68d038f042 00000000c0066e60
0x00007f68c49259d8:   00007f68c49259d8 00007f68cce994b3
0x00007f68c49259e8:   00007f68c4925a28 00007f68ccf20020 

Instructions: (pc=0x00007f68d03f047a)
0x00007f68d03f045a:   00 00 00 00 00 00 44 8b 15 cd 95 32 15 4c 8b ce
0x00007f68d03f046a:   41 f6 c2 01 0f 85 2e 00 00 00 4d 33 ca 4d 33 ca
0x00007f68d03f047a:   4d 8b 09 4c 8b da 49 c1 eb 02 4b 8b 04 19 49 bb
0x00007f68d03f048a:   34 9a 71 e5 68 7f 00 00 4c 33 d8 4c 33 d8 45 3b 

Register to memory mapping:

RAX=0x00007f68e56ecf60: <offset 0xf0df60> in /opt/xdman/jre/lib/amd64/server/libjvm.so at 0x00007f68e47df000
RBX=0x00007f68881219e0 is an unknown value
RCX=0x0000000000000001 is an unknown value
RDX=0x0000000000000042 is an unknown value
RSP=0x00007f68c49257f8 is pointing into the stack for thread: 0x00007f6888121800
RBP=0x00007f68c4925820 is pointing into the stack for thread: 0x00007f6888121800
RSI=0x0000000000000000 is an unknown value
RDI=0x00007f68881219e0 is an unknown value
R8 =0x00007f68c5cfbab0: <offset 0x5cab0> in /usr/lib/x86_64-linux-gnu/libX11.so.6 at 0x00007f68c5c9f000
R9 =0x0000000000000000 is an unknown value
R10=0x00000000000001e2 is an unknown value
R11=0x00007f68d061dcd8 is at entry_point+24 in (nmethod*)0x00007f68d061db50
R12=0x0000000000000000 is an unknown value
R13=0x0000000000000000 is an unknown value
R14=0x00007f68c643eae0: <offset 0x255ae0> in /opt/xdman/jre/lib/amd64/libawt_xawt.so at 0x00007f68c61e9000
R15=0x00007f6888121800 is a thread


Stack: [0x00007f68c4826000,0x00007f68c4927000],  sp=0x00007f68c49257f8,  free space=1021k
Native frames: (J=compiled Java code, j=interpreted, Vv=VM code, C=native code)
v  ~BufferBlob::jni_fast_GetLongField
C  [libX11.so.6+0x64c4d]  _XimServerDestroy+0x3d

Java frames: (J=compiled Java code, j=interpreted, Vv=VM code)
J 646  sun.awt.X11.XlibWrapper.XFilterEvent(JJ)Z (0 bytes) @ 0x00007f68d061dd04 [0x00007f68d061dcc0+0x44]
j  sun.awt.X11.XToolkit.run(Z)V+300
j  sun.awt.X11.XToolkit.run()V+5
j  java.lang.Thread.run()V+11
v  ~StubRoutines::call_stub

---------------  P R O C E S S  ---------------

Java Threads: ( => current thread )
  0x00007f6874006000 JavaThread "XToolkt-Shutdown-Thread" [_thread_blocked, id=10359, stack(0x00007f68bc6d7000,0x00007f68bc7d8000)]
  0x00007f68a0003000 JavaThread "SIGHUP handler" daemon [_thread_blocked, id=10358, stack(0x00007f68bc5d6000,0x00007f68bc6d7000)]
  0x00007f68a0002000 JavaThread "SIGHUP handler" daemon [_thread_blocked, id=10357, stack(0x00007f6867eff000,0x00007f6868000000)]
  0x00007f68a0001000 JavaThread "SIGTERM handler" daemon [_thread_blocked, id=10356, stack(0x00007f68bcefe000,0x00007f68bcfff000)]
  0x00007f6888172800 JavaThread "Thread-1" [_thread_blocked, id=1823, stack(0x00007f68c4725000,0x00007f68c4826000)]
=>0x00007f6888121800 JavaThread "AWT-XAWT" daemon [_thread_in_native, id=1789, stack(0x00007f68c4826000,0x00007f68c4927000)]
  0x00007f6888105800 JavaThread "Java2D Disposer" daemon [_thread_blocked, id=1786, stack(0x00007f68c4d37000,0x00007f68c4e38000)]
  0x00007f68e000a000 JavaThread "DestroyJavaVM" [_thread_blocked, id=1716, stack(0x00007f68e6482000,0x00007f68e6582000)]
  0x00007f68e01f4800 JavaThread "Thread-0" [_thread_in_native, id=1757, stack(0x00007f68c6924000,0x00007f68c6a25000)]
  0x00007f68e01a0800 JavaThread "Service Thread" daemon [_thread_blocked, id=1751, stack(0x00007f68c6b26000,0x00007f68c6c27000)]
  0x00007f68e0183800 JavaThread "C1 CompilerThread2" daemon [_thread_blocked, id=1750, stack(0x00007f68c6c28000,0x00007f68c6d28000)]
  0x00007f68e0181800 JavaThread "C2 CompilerThread1" daemon [_thread_blocked, id=1749, stack(0x00007f68c6d29000,0x00007f68c6e29000)]
  0x00007f68e017f000 JavaThread "C2 CompilerThread0" daemon [_thread_blocked, id=1748, stack(0x00007f68c6e2a000,0x00007f68c6f2a000)]
  0x00007f68e017d800 JavaThread "Signal Dispatcher" daemon [_thread_blocked, id=1747, stack(0x00007f68c6f2a000,0x00007f68c702b000)]
  0x00007f68e014b000 JavaThread "Finalizer" daemon [_thread_blocked, id=1746, stack(0x00007f68c79fa000,0x00007f68c7afb000)]
  0x00007f68e0146000 JavaThread "Reference Handler" daemon [_thread_blocked, id=1745, stack(0x00007f68c7afb000,0x00007f68c7bfc000)]

Other Threads:
  0x00007f68e013e800 VMThread [stack: 0x00007f68c7bfd000,0x00007f68c7cfd000] [id=1739]
  0x00007f68e01a3800 WatcherThread [stack: 0x00007f68c6a26000,0x00007f68c6b26000] [id=1752]

VM state:not at safepoint (normal execution)

VM Mutex/Monitor currently owned by a thread: None

Heap:
 PSYoungGen      total 14848K, used 4429K [0x00000000eab00000, 0x00000000ebc00000, 0x0000000100000000)
  eden space 14336K, 29% used [0x00000000eab00000,0x00000000eaf2b7a0,0x00000000eb900000)
  from space 512K, 31% used [0x00000000eb900000,0x00000000eb928000,0x00000000eb980000)
  to   space 1536K, 0% used [0x00000000eba80000,0x00000000eba80000,0x00000000ebc00000)
 ParOldGen       total 36864K, used 3094K [0x00000000c0000000, 0x00000000c2400000, 0x00000000eab00000)
  object space 36864K, 8% used [0x00000000c0000000,0x00000000c0305800,0x00000000c2400000)
 Metaspace       used 13903K, capacity 14184K, committed 14592K, reserved 1062912K
  class space    used 1591K, capacity 1689K, committed 1792K, reserved 1048576K

Card table byte_map: [0x00007f68cfdc6000,0x00007f68cffc7000] byte_map_base: 0x00007f68cf7c6000

Marking Bits: (ParMarkBitMap*) 0x00007f68e5719120
 Begin Bits: [0x00007f68cd86c000, 0x00007f68ce86c000)
 End Bits:   [0x00007f68ce86c000, 0x00007f68cf86c000)

Polling page: 0x00007f68e659b000

CodeCache: size=245760Kb used=3877Kb max_used=3888Kb free=241882Kb
 bounds [0x00007f68d0387000, 0x00007f68d0767000, 0x00007f68df387000]
 total_blobs=1547 nmethods=1014 adapters=449
 compilation: enabled

Compilation events (10 events):
Event: 13572.602 Thread 0x00007f68e0183800 1148       3       sun.awt.X11.XkbEvent::<init> (30 bytes)
Event: 13572.603 Thread 0x00007f68e0183800 nmethod 1148 0x00007f68d0752690 code [0x00007f68d0752820, 0x00007f68d0752bc8]
Event: 13572.603 Thread 0x00007f68e0183800 1149       3       sun.awt.X11.XkbAnyEvent::<init> (30 bytes)
Event: 13572.603 Thread 0x00007f68e0183800 nmethod 1149 0x00007f68d0752d90 code [0x00007f68d0752f20, 0x00007f68d07532c8]
Event: 13592.080 Thread 0x00007f68e0183800 1150   !   3       java.util.Vector$Itr::next (63 bytes)
Event: 13592.082 Thread 0x00007f68e0183800 nmethod 1150 0x00007f68d0753490 code [0x00007f68d0753640, 0x00007f68d0753cb8]
Event: 13592.082 Thread 0x00007f68e0183800 1151       3       java.util.Vector$Itr::checkForComodification (23 bytes)
Event: 13592.082 Thread 0x00007f68e0183800 nmethod 1151 0x00007f68d04a6f50 code [0x00007f68d04a70c0, 0x00007f68d04a72e8]
Event: 13873.765 Thread 0x00007f68e017f000 1152       4       java.util.concurrent.locks.ReentrantLock$NonfairSync::lock (25 bytes)
Event: 13873.770 Thread 0x00007f68e017f000 nmethod 1152 0x00007f68d0756f10 code [0x00007f68d0757080, 0x00007f68d0757208]

GC Heap History (10 events):
Event: 13018.794 GC heap before
{Heap before GC invocations=25 (full 0):
 PSYoungGen      total 15872K, used 14400K [0x00000000eab00000, 0x00000000ebd00000, 0x0000000100000000)
  eden space 14336K, 100% used [0x00000000eab00000,0x00000000eb900000,0x00000000eb900000)
  from space 1536K, 4% used [0x00000000ebb80000,0x00000000ebb90000,0x00000000ebd00000)
  to   space 2048K, 0% used [0x00000000eb900000,0x00000000eb900000,0x00000000ebb00000)
 ParOldGen       total 36864K, used 2990K [0x00000000c0000000, 0x00000000c2400000, 0x00000000eab00000)
  object space 36864K, 8% used [0x00000000c0000000,0x00000000c02eb800,0x00000000c2400000)
 Metaspace       used 13616K, capacity 13832K, committed 13952K, reserved 1060864K
  class space    used 1560K, capacity 1657K, committed 1664K, reserved 1048576K
Event: 13018.797 GC heap after
Heap after GC invocations=25 (full 0):
 PSYoungGen      total 16384K, used 128K [0x00000000eab00000, 0x00000000ebd00000, 0x0000000100000000)
  eden space 14336K, 0% used [0x00000000eab00000,0x00000000eab00000,0x00000000eb900000)
  from space 2048K, 6% used [0x00000000eb900000,0x00000000eb920000,0x00000000ebb00000)
  to   space 2048K, 0% used [0x00000000ebb00000,0x00000000ebb00000,0x00000000ebd00000)
 ParOldGen       total 36864K, used 3006K [0x00000000c0000000, 0x00000000c2400000, 0x00000000eab00000)
  object space 36864K, 8% used [0x00000000c0000000,0x00000000c02ef800,0x00000000c2400000)
 Metaspace       used 13616K, capacity 13832K, committed 13952K, reserved 1060864K
  class space    used 1560K, capacity 1657K, committed 1664K, reserved 1048576K
}
Event: 13134.796 GC heap before
{Heap before GC invocations=26 (full 0):
 PSYoungGen      total 16384K, used 14464K [0x00000000eab00000, 0x00000000ebd00000, 0x0000000100000000)
  eden space 14336K, 100% used [0x00000000eab00000,0x00000000eb900000,0x00000000eb900000)
  from space 2048K, 6% used [0x00000000eb900000,0x00000000eb920000,0x00000000ebb00000)
  to   space 2048K, 0% used [0x00000000ebb00000,0x00000000ebb00000,0x00000000ebd00000)
 ParOldGen       total 36864K, used 3006K [0x00000000c0000000, 0x00000000c2400000, 0x00000000eab00000)
  object space 36864K, 8% used [0x00000000c0000000,0x00000000c02ef800,0x00000000c2400000)
 Metaspace       used 13647K, capacity 13832K, committed 13952K, reserved 1060864K
  class space    used 1560K, capacity 1657K, committed 1664K, reserved 1048576K
Event: 13134.800 GC heap after
Heap after GC invocations=26 (full 0):
 PSYoungGen      total 16384K, used 32K [0x00000000eab00000, 0x00000000ebd00000, 0x0000000100000000)
  eden space 14336K, 0% used [0x00000000eab00000,0x00000000eab00000,0x00000000eb900000)
  from space 2048K, 1% used [0x00000000ebb00000,0x00000000ebb08000,0x00000000ebd00000)
  to   space 2048K, 0% used [0x00000000eb900000,0x00000000eb900000,0x00000000ebb00000)
 ParOldGen       total 36864K, used 3038K [0x00000000c0000000, 0x00000000c2400000, 0x00000000eab00000)
  object space 36864K, 8% used [0x00000000c0000000,0x00000000c02f7800,0x00000000c2400000)
 Metaspace       used 13647K, capacity 13832K, committed 13952K, reserved 1060864K
  class space    used 1560K, capacity 1657K, committed 1664K, reserved 1048576K
}
Event: 13261.792 GC heap before
{Heap before GC invocations=27 (full 0):
 PSYoungGen      total 16384K, used 14368K [0x00000000eab00000, 0x00000000ebd00000, 0x0000000100000000)
  eden space 14336K, 100% used [0x00000000eab00000,0x00000000eb900000,0x00000000eb900000)
  from space 2048K, 1% used [0x00000000ebb00000,0x00000000ebb08000,0x00000000ebd00000)
  to   space 2048K, 0% used [0x00000000eb900000,0x00000000eb900000,0x00000000ebb00000)
 ParOldGen       total 36864K, used 3038K [0x00000000c0000000, 0x00000000c2400000, 0x00000000eab00000)
  object space 36864K, 8% used [0x00000000c0000000,0x00000000c02f7800,0x00000000c2400000)
 Metaspace       used 13661K, capacity 13896K, committed 14208K, reserved 1062912K
  class space    used 1560K, capacity 1657K, committed 1664K, reserved 1048576K
Event: 13261.794 GC heap after
Heap after GC invocations=27 (full 0):
 PSYoungGen      total 16384K, used 64K [0x00000000eab00000, 0x00000000ebd00000, 0x0000000100000000)
  eden space 14336K, 0% used [0x00000000eab00000,0x00000000eab00000,0x00000000eb900000)
  from space 2048K, 3% used [0x00000000eb900000,0x00000000eb910000,0x00000000ebb00000)
  to   space 2048K, 0% used [0x00000000ebb00000,0x00000000ebb00000,0x00000000ebd00000)
 ParOldGen       total 36864K, used 3046K [0x00000000c0000000, 0x00000000c2400000, 0x00000000eab00000)
  object space 36864K, 8% used [0x00000000c0000000,0x00000000c02f9800,0x00000000c2400000)
 Metaspace       used 13661K, capacity 13896K, committed 14208K, reserved 1062912K
  class space    used 1560K, capacity 1657K, committed 1664K, reserved 1048576K
}
Event: 13402.792 GC heap before
{Heap before GC invocations=28 (full 0):
 PSYoungGen      total 16384K, used 14400K [0x00000000eab00000, 0x00000000ebd00000, 0x0000000100000000)
  eden space 14336K, 100% used [0x00000000eab00000,0x00000000eb900000,0x00000000eb900000)
  from space 2048K, 3% used [0x00000000eb900000,0x00000000eb910000,0x00000000ebb00000)
  to   space 2048K, 0% used [0x00000000ebb00000,0x00000000ebb00000,0x00000000ebd00000)
 ParOldGen       total 36864K, used 3046K [0x00000000c0000000, 0x00000000c2400000, 0x00000000eab00000)
  object space 36864K, 8% used [0x00000000c0000000,0x00000000c02f9800,0x00000000c2400000)
 Metaspace       used 13662K, capacity 13896K, committed 14208K, reserved 1062912K
  class space    used 1560K, capacity 1657K, committed 1664K, reserved 1048576K
Event: 13402.794 GC heap after
Heap after GC invocations=28 (full 0):
 PSYoungGen      total 16384K, used 128K [0x00000000eab00000, 0x00000000ebd00000, 0x0000000100000000)
  eden space 14336K, 0% used [0x00000000eab00000,0x00000000eab00000,0x00000000eb900000)
  from space 2048K, 6% used [0x00000000ebb00000,0x00000000ebb20000,0x00000000ebd00000)
  to   space 2048K, 0% used [0x00000000eb900000,0x00000000eb900000,0x00000000ebb00000)
 ParOldGen       total 36864K, used 3070K [0x00000000c0000000, 0x00000000c2400000, 0x00000000eab00000)
  object space 36864K, 8% used [0x00000000c0000000,0x00000000c02ff800,0x00000000c2400000)
 Metaspace       used 13662K, capacity 13896K, committed 14208K, reserved 1062912K
  class space    used 1560K, capacity 1657K, committed 1664K, reserved 1048576K
}
Event: 13714.793 GC heap before
{Heap before GC invocations=29 (full 0):
 PSYoungGen      total 16384K, used 14464K [0x00000000eab00000, 0x00000000ebd00000, 0x0000000100000000)
  eden space 14336K, 100% used [0x00000000eab00000,0x00000000eb900000,0x00000000eb900000)
  from space 2048K, 6% used [0x00000000ebb00000,0x00000000ebb20000,0x00000000ebd00000)
  to   space 2048K, 0% used [0x00000000eb900000,0x00000000eb900000,0x00000000ebb00000)
 ParOldGen       total 36864K, used 3070K [0x00000000c0000000, 0x00000000c2400000, 0x00000000eab00000)
  object space 36864K, 8% used [0x00000000c0000000,0x00000000c02ff800,0x00000000c2400000)
 Metaspace       used 13901K, capacity 14184K, committed 14592K, reserved 1062912K
  class space    used 1591K, capacity 1689K, committed 1792K, reserved 1048576K
Event: 13714.795 GC heap after
Heap after GC invocations=29 (full 0):
 PSYoungGen      total 14848K, used 160K [0x00000000eab00000, 0x00000000ebc00000, 0x0000000100000000)
  eden space 14336K, 0% used [0x00000000eab00000,0x00000000eab00000,0x00000000eb900000)
  from space 512K, 31% used [0x00000000eb900000,0x00000000eb928000,0x00000000eb980000)
  to   space 1536K, 0% used [0x00000000eba80000,0x00000000eba80000,0x00000000ebc00000)
 ParOldGen       total 36864K, used 3094K [0x00000000c0000000, 0x00000000c2400000, 0x00000000eab00000)
  object space 36864K, 8% used [0x00000000c0000000,0x00000000c0305800,0x00000000c2400000)
 Metaspace       used 13901K, capacity 14184K, committed 14592K, reserved 1062912K
  class space    used 1591K, capacity 1689K, committed 1792K, reserved 1048576K
}

Deoptimization events (10 events):
Event: 12674.329 Thread 0x00007f687000d000 Uncommon trap: reason=bimorphic action=maybe_recompile pc=0x00007f68d05a4bd4 method=java.util.HashMap.putVal(ILjava/lang/Object;Ljava/lang/Object;ZZ)Ljava/lang/Object; @ 253
Event: 12674.331 Thread 0x00007f687000d000 Uncommon trap: reason=bimorphic action=maybe_recompile pc=0x00007f68d05a4bd4 method=java.util.HashMap.putVal(ILjava/lang/Object;Ljava/lang/Object;ZZ)Ljava/lang/Object; @ 253
Event: 12674.332 Thread 0x00007f687000d000 Uncommon trap: reason=bimorphic action=maybe_recompile pc=0x00007f68d05a4bd4 method=java.util.HashMap.putVal(ILjava/lang/Object;Ljava/lang/Object;ZZ)Ljava/lang/Object; @ 253
Event: 12674.332 Thread 0x00007f687000d000 Uncommon trap: reason=bimorphic action=maybe_recompile pc=0x00007f68d05a4bd4 method=java.util.HashMap.putVal(ILjava/lang/Object;Ljava/lang/Object;ZZ)Ljava/lang/Object; @ 253
Event: 12674.419 Thread 0x00007f687000d000 Uncommon trap: reason=unstable_if action=reinterpret pc=0x00007f68d06133ac method=java.lang.String.trim()Ljava/lang/String; @ 15
Event: 12674.422 Thread 0x00007f687000d000 Uncommon trap: reason=unstable_if action=reinterpret pc=0x00007f68d065c410 method=java.lang.StringCoding.encode(Ljava/lang/String;[CII)[B @ 38
Event: 12674.804 Thread 0x00007f6888089800 Uncommon trap: reason=unstable_if action=reinterpret pc=0x00007f68d068e2e0 method=xdman.monitoring.MonitoringSession.onSync(Lxdman/monitoring/Request;Lxdman/monitoring/Response;)V @ 256
Event: 12675.775 Thread 0x00007f687000d000 Uncommon trap: reason=class_check action=maybe_recompile pc=0x00007f68d0644abc method=java.util.AbstractCollection.toArray([Ljava/lang/Object;)[Ljava/lang/Object; @ 1
Event: 12675.884 Thread 0x00007f687000d000 Uncommon trap: reason=bimorphic action=maybe_recompile pc=0x00007f68d0625aec method=java.lang.ThreadLocal.get()Ljava/lang/Object; @ 6
Event: 12982.975 Thread 0x00007f6888089800 Uncommon trap: reason=unstable_if action=reinterpret pc=0x00007f68d06fecbc method=java.util.regex.ASCII.isType(II)Z @ 6

Internal exceptions (10 events):
Event: 3.785 Thread 0x00007f68e01f4800 Exception <a 'java/lang/NoSuchFieldError': method resolution failed> (0x00000000eadb2b60) thrown at [/sources/openjdk/jdk8u-jdk8u141-b15/hotspot/src/share/vm/prims/methodHandles.cpp, line 1146]
Event: 4.261 Thread 0x00007f68e01f4800 Exception <a 'java/io/FileNotFoundException'> (0x00000000eae307a0) thrown at [/sources/openjdk/jdk8u-jdk8u141-b15/hotspot/src/share/vm/prims/jni.cpp, line 709]
Event: 4.261 Thread 0x00007f68e01f4800 Exception <a 'java/io/FileNotFoundException'> (0x00000000eae310f8) thrown at [/sources/openjdk/jdk8u-jdk8u141-b15/hotspot/src/share/vm/prims/jni.cpp, line 709]
Event: 4.628 Thread 0x00007f68e01f4800 Exception <a 'java/lang/ClassNotFoundException': sun/dc/DuctusRenderingEngine> (0x00000000eae5a618) thrown at [/sources/openjdk/jdk8u-jdk8u141-b15/hotspot/src/share/vm/classfile/systemDictionary.cpp, line 210]
Event: 5351.148 Thread 0x00007f6888087800 Implicit null exception at 0x00007f68d063a93e to 0x00007f68d063af39
Event: 5351.154 Thread 0x00007f6888088000 Implicit null exception at 0x00007f68d063bd5e to 0x00007f68d063c275
Event: 5362.822 Thread 0x00007f6888172800 Exception <a 'java/net/UnknownHostException'> (0x00000000eb568cc8) thrown at [/sources/openjdk/jdk8u-jdk8u141-b15/hotspot/src/share/vm/prims/jni.cpp, line 709]
Event: 12668.984 Thread 0x00007f6888088000 Implicit null exception at 0x00007f68d067b633 to 0x00007f68d067d691
Event: 12671.046 Thread 0x00007f687000d000 Implicit null exception at 0x00007f68d05c8f35 to 0x00007f68d05c92c9
Event: 12671.065 Thread 0x00007f687000d000 Implicit null exception at 0x00007f68d05c49b6 to 0x00007f68d05c4d55

Events (10 events):
Event: 13857.416 Executing VM operation: RevokeBias
Event: 13857.416 Executing VM operation: RevokeBias done
Event: 13857.417 Executing VM operation: RevokeBias
Event: 13857.417 Executing VM operation: RevokeBias done
Event: 13857.417 Thread 0x00007f6888087800 Thread exited: 0x00007f6888087800
Event: 13857.417 Thread 0x00007f6888088000 Thread exited: 0x00007f6888088000
Event: 13857.417 Thread 0x00007f688808c000 Thread exited: 0x00007f688808c000
Event: 13858.654 Executing VM operation: RevokeBias
Event: 13858.654 Executing VM operation: RevokeBias done
Event: 13858.654 Thread 0x00007f688811a800 Thread exited: 0x00007f688811a800


Dynamic libraries:
00400000-00401000 r-xp 00000000 08:02 4980852                            /opt/xdman/jre/bin/java
00600000-00601000 r--p 00000000 08:02 4980852                            /opt/xdman/jre/bin/java
00601000-00602000 rw-p 00001000 08:02 4980852                            /opt/xdman/jre/bin/java
024ad000-024ce000 rw-p 00000000 00:00 0                                  [heap]
c0000000-c2400000 rw-p 00000000 00:00 0 
c2400000-eab00000 ---p 00000000 00:00 0 
eab00000-ebc00000 rw-p 00000000 00:00 0 
ebc00000-100000000 ---p 00000000 00:00 0 
100000000-1001c0000 rw-p 00000000 00:00 0 
1001c0000-140000000 ---p 00000000 00:00 0 
7f6854000000-7f6854021000 rw-p 00000000 00:00 0 
7f6854021000-7f6858000000 ---p 00000000 00:00 0 
7f685c000000-7f685c021000 rw-p 00000000 00:00 0 
7f685c021000-7f6860000000 ---p 00000000 00:00 0 
7f6860000000-7f6860090000 rw-p 00000000 00:00 0 
7f6860090000-7f6864000000 ---p 00000000 00:00 0 
7f68670a0000-7f6867120000 rw-p 00000000 00:00 0 
7f6867120000-7f68672a0000 ---p 00000000 00:00 0 
7f68672a0000-7f68672b0000 r-xp 00000000 08:02 4980905                    /opt/xdman/jre/lib/amd64/libnio.so
7f68672b0000-7f68674b0000 ---p 00010000 08:02 4980905                    /opt/xdman/jre/lib/amd64/libnio.so
7f68674b0000-7f68674b1000 r--p 00010000 08:02 4980905                    /opt/xdman/jre/lib/amd64/libnio.so
7f68674b1000-7f68674b2000 rw-p 00011000 08:02 4980905                    /opt/xdman/jre/lib/amd64/libnio.so
7f68674b2000-7f68674e3000 r-xp 00000000 08:02 401380                     /usr/lib/x86_64-linux-gnu/libpng16.so.16.34.0
7f68674e3000-7f68676e2000 ---p 00031000 08:02 401380                     /usr/lib/x86_64-linux-gnu/libpng16.so.16.34.0
7f68676e2000-7f68676e3000 r--p 00030000 08:02 401380                     /usr/lib/x86_64-linux-gnu/libpng16.so.16.34.0
7f68676e3000-7f68676e4000 rw-p 00031000 08:02 401380                     /usr/lib/x86_64-linux-gnu/libpng16.so.16.34.0
7f68676e4000-7f6867791000 r-xp 00000000 08:02 401389                     /usr/lib/x86_64-linux-gnu/libfreetype.so.6.15.0
7f6867791000-7f6867990000 ---p 000ad000 08:02 401389                     /usr/lib/x86_64-linux-gnu/libfreetype.so.6.15.0
7f6867990000-7f6867997000 r--p 000ac000 08:02 401389                     /usr/lib/x86_64-linux-gnu/libfreetype.so.6.15.0
7f6867997000-7f6867998000 rw-p 000b3000 08:02 401389                     /usr/lib/x86_64-linux-gnu/libfreetype.so.6.15.0
7f6867998000-7f68679fa000 r-xp 00000000 08:02 4980934                    /opt/xdman/jre/lib/amd64/libfontmanager.so
7f68679fa000-7f6867bf9000 ---p 00062000 08:02 4980934                    /opt/xdman/jre/lib/amd64/libfontmanager.so
7f6867bf9000-7f6867bfc000 r--p 00061000 08:02 4980934                    /opt/xdman/jre/lib/amd64/libfontmanager.so
7f6867bfc000-7f6867bfd000 rw-p 00064000 08:02 4980934                    /opt/xdman/jre/lib/amd64/libfontmanager.so
7f6867bfd000-7f6867dfe000 rw-p 00000000 00:00 0 
7f6867dfe000-7f6867e01000 ---p 00000000 00:00 0 
7f6867e01000-7f6867eff000 rw-p 00000000 00:00 0 
7f6867eff000-7f6867f02000 ---p 00000000 00:00 0 
7f6867f02000-7f6868000000 rw-p 00000000 00:00 0 
7f6868000000-7f6868021000 rw-p 00000000 00:00 0 
7f6868021000-7f686c000000 ---p 00000000 00:00 0 
7f686c000000-7f686c021000 rw-p 00000000 00:00 0 
7f686c021000-7f6870000000 ---p 00000000 00:00 0 
7f6870000000-7f6870021000 rw-p 00000000 00:00 0 
7f6870021000-7f6874000000 ---p 00000000 00:00 0 
7f6874000000-7f6874021000 rw-p 00000000 00:00 0 
7f6874021000-7f6878000000 ---p 00000000 00:00 0 
7f6878000000-7f6878021000 rw-p 00000000 00:00 0 
7f6878021000-7f687c000000 ---p 00000000 00:00 0 
7f687c000000-7f687c021000 rw-p 00000000 00:00 0 
7f687c021000-7f6880000000 ---p 00000000 00:00 0 
7f6880000000-7f6880030000 rw-p 00000000 00:00 0 
7f6880030000-7f6884000000 ---p 00000000 00:00 0 
7f6884000000-7f688428e000 rw-p 00000000 00:00 0 
7f688428e000-7f6888000000 ---p 00000000 00:00 0 
7f6888000000-7f6888407000 rw-p 00000000 00:00 0 
7f6888407000-7f688c000000 ---p 00000000 00:00 0 
7f688c000000-7f688c021000 rw-p 00000000 00:00 0 
7f688c021000-7f6890000000 ---p 00000000 00:00 0 
7f6890000000-7f6890021000 rw-p 00000000 00:00 0 
7f6890021000-7f6894000000 ---p 00000000 00:00 0 
7f6894000000-7f6894021000 rw-p 00000000 00:00 0 
7f6894021000-7f6898000000 ---p 00000000 00:00 0 
7f6898000000-7f6898e42000 rw-p 00000000 00:00 0 
7f6898e42000-7f689c000000 ---p 00000000 00:00 0 
7f689c000000-7f689c599000 rw-p 00000000 00:00 0 
7f689c599000-7f68a0000000 ---p 00000000 00:00 0 
7f68a0000000-7f68a0021000 rw-p 00000000 00:00 0 
7f68a0021000-7f68a4000000 ---p 00000000 00:00 0 
7f68a4000000-7f68a4965000 rw-p 00000000 00:00 0 
7f68a4965000-7f68a8000000 ---p 00000000 00:00 0 
7f68a8000000-7f68a8021000 rw-p 00000000 00:00 0 
7f68a8021000-7f68ac000000 ---p 00000000 00:00 0 
7f68ac000000-7f68ac021000 rw-p 00000000 00:00 0 
7f68ac021000-7f68b0000000 ---p 00000000 00:00 0 
7f68b0000000-7f68b0021000 rw-p 00000000 00:00 0 
7f68b0021000-7f68b4000000 ---p 00000000 00:00 0 
7f68b4000000-7f68b4021000 rw-p 00000000 00:00 0 
7f68b4021000-7f68b8000000 ---p 00000000 00:00 0 
7f68b8000000-7f68b8021000 rw-p 00000000 00:00 0 
7f68b8021000-7f68bc000000 ---p 00000000 00:00 0 
7f68bc0c0000-7f68bc0c3000 ---p 00000000 00:00 0 
7f68bc0c3000-7f68bc1c1000 rw-p 00000000 00:00 0 
7f68bc1c1000-7f68bc1c4000 ---p 00000000 00:00 0 
7f68bc1c4000-7f68bc2c2000 rw-p 00000000 00:00 0 
7f68bc2c2000-7f68bc2c5000 ---p 00000000 00:00 0 
7f68bc2c5000-7f68bc3c3000 rw-p 00000000 00:00 0 
7f68bc3c3000-7f68bc3d2000 r-xp 00000000 08:02 14943260                   /lib/x86_64-linux-gnu/libnss_myhostname.so.2
7f68bc3d2000-7f68bc5d2000 ---p 0000f000 08:02 14943260                   /lib/x86_64-linux-gnu/libnss_myhostname.so.2
7f68bc5d2000-7f68bc5d5000 r--p 0000f000 08:02 14943260                   /lib/x86_64-linux-gnu/libnss_myhostname.so.2
7f68bc5d5000-7f68bc5d6000 rw-p 00012000 08:02 14943260                   /lib/x86_64-linux-gnu/libnss_myhostname.so.2
7f68bc5d6000-7f68bc5d9000 ---p 00000000 00:00 0 
7f68bc5d9000-7f68bc6d7000 rw-p 00000000 00:00 0 
7f68bc6d7000-7f68bc6da000 ---p 00000000 00:00 0 
7f68bc6da000-7f68bc7d8000 rw-p 00000000 00:00 0 
7f68bc7d8000-7f68bc7ef000 r-xp 00000000 08:02 14947151                   /lib/x86_64-linux-gnu/libresolv-2.27.so
7f68bc7ef000-7f68bc9ef000 ---p 00017000 08:02 14947151                   /lib/x86_64-linux-gnu/libresolv-2.27.so
7f68bc9ef000-7f68bc9f0000 r--p 00017000 08:02 14947151                   /lib/x86_64-linux-gnu/libresolv-2.27.so
7f68bc9f0000-7f68bc9f1000 rw-p 00018000 08:02 14947151                   /lib/x86_64-linux-gnu/libresolv-2.27.so
7f68bc9f1000-7f68bc9f3000 rw-p 00000000 00:00 0 
7f68bc9f3000-7f68bc9f8000 r-xp 00000000 08:02 14947100                   /lib/x86_64-linux-gnu/libnss_dns-2.27.so
7f68bc9f8000-7f68bcbf8000 ---p 00005000 08:02 14947100                   /lib/x86_64-linux-gnu/libnss_dns-2.27.so
7f68bcbf8000-7f68bcbf9000 r--p 00005000 08:02 14947100                   /lib/x86_64-linux-gnu/libnss_dns-2.27.so
7f68bcbf9000-7f68bcbfa000 rw-p 00006000 08:02 14947100                   /lib/x86_64-linux-gnu/libnss_dns-2.27.so
7f68bcbfa000-7f68bcbfc000 r-xp 00000000 08:02 14947108                   /lib/x86_64-linux-gnu/libnss_mdns4_minimal.so.2
7f68bcbfc000-7f68bcdfb000 ---p 00002000 08:02 14947108                   /lib/x86_64-linux-gnu/libnss_mdns4_minimal.so.2
7f68bcdfb000-7f68bcdfc000 r--p 00001000 08:02 14947108                   /lib/x86_64-linux-gnu/libnss_mdns4_minimal.so.2
7f68bcdfc000-7f68bcdfd000 rw-p 00002000 08:02 14947108                   /lib/x86_64-linux-gnu/libnss_mdns4_minimal.so.2
7f68bcdfd000-7f68bce00000 ---p 00000000 00:00 0 
7f68bce00000-7f68bcefe000 rw-p 00000000 00:00 0 
7f68bcefe000-7f68bcf01000 ---p 00000000 00:00 0 
7f68bcf01000-7f68c0000000 rw-p 00000000 00:00 0 
7f68c0000000-7f68c0021000 rw-p 00000000 00:00 0 
7f68c0021000-7f68c4000000 ---p 00000000 00:00 0 
7f68c40cf000-7f68c42cf000 rw-p 00000000 00:00 0 
7f68c42cf000-7f68c42e6000 r-xp 00000000 08:02 14942214                   /lib/x86_64-linux-gnu/libgcc_s.so.1
7f68c42e6000-7f68c44e5000 ---p 00017000 08:02 14942214                   /lib/x86_64-linux-gnu/libgcc_s.so.1
7f68c44e5000-7f68c44e6000 r--p 00016000 08:02 14942214                   /lib/x86_64-linux-gnu/libgcc_s.so.1
7f68c44e6000-7f68c44e7000 rw-p 00017000 08:02 14942214                   /lib/x86_64-linux-gnu/libgcc_s.so.1
7f68c44e7000-7f68c451f000 r-xp 00000000 08:02 4980932                    /opt/xdman/jre/lib/amd64/libsunec.so
7f68c451f000-7f68c471e000 ---p 00038000 08:02 4980932                    /opt/xdman/jre/lib/amd64/libsunec.so
7f68c471e000-7f68c4723000 r--p 00037000 08:02 4980932                    /opt/xdman/jre/lib/amd64/libsunec.so
7f68c4723000-7f68c4725000 rw-p 0003c000 08:02 4980932                    /opt/xdman/jre/lib/amd64/libsunec.so
7f68c4725000-7f68c4728000 ---p 00000000 00:00 0 
7f68c4728000-7f68c4826000 rw-p 00000000 00:00 0 
7f68c4826000-7f68c4829000 ---p 00000000 00:00 0 
7f68c4829000-7f68c4927000 rw-p 00000000 00:00 0 
7f68c4927000-7f68c492c000 r-xp 00000000 08:02 401024                     /usr/lib/x86_64-linux-gnu/libXfixes.so.3.1.0
7f68c492c000-7f68c4b2b000 ---p 00005000 08:02 401024                     /usr/lib/x86_64-linux-gnu/libXfixes.so.3.1.0
7f68c4b2b000-7f68c4b2c000 r--p 00004000 08:02 401024                     /usr/lib/x86_64-linux-gnu/libXfixes.so.3.1.0
7f68c4b2c000-7f68c4b2d000 rw-p 00005000 08:02 401024                     /usr/lib/x86_64-linux-gnu/libXfixes.so.3.1.0
7f68c4b2d000-7f68c4b36000 r-xp 00000000 08:02 401016                     /usr/lib/x86_64-linux-gnu/libXcursor.so.1.0.2
7f68c4b36000-7f68c4d35000 ---p 00009000 08:02 401016                     /usr/lib/x86_64-linux-gnu/libXcursor.so.1.0.2
7f68c4d35000-7f68c4d36000 r--p 00008000 08:02 401016                     /usr/lib/x86_64-linux-gnu/libXcursor.so.1.0.2
7f68c4d36000-7f68c4d37000 rw-p 00009000 08:02 401016                     /usr/lib/x86_64-linux-gnu/libXcursor.so.1.0.2
7f68c4d37000-7f68c4d3a000 ---p 00000000 00:00 0 
7f68c4d3a000-7f68c4e38000 rw-p 00000000 00:00 0 
7f68c4e38000-7f68c4e4b000 r-xp 00000000 08:02 14947008                   /lib/x86_64-linux-gnu/libbsd.so.0.8.7
7f68c4e4b000-7f68c504a000 ---p 00013000 08:02 14947008                   /lib/x86_64-linux-gnu/libbsd.so.0.8.7
7f68c504a000-7f68c504b000 r--p 00012000 08:02 14947008                   /lib/x86_64-linux-gnu/libbsd.so.0.8.7
7f68c504b000-7f68c504c000 rw-p 00013000 08:02 14947008                   /lib/x86_64-linux-gnu/libbsd.so.0.8.7
7f68c504c000-7f68c504d000 rw-p 00000000 00:00 0 
7f68c504d000-7f68c5052000 r-xp 00000000 08:02 401020                     /usr/lib/x86_64-linux-gnu/libXdmcp.so.6.0.0
7f68c5052000-7f68c5251000 ---p 00005000 08:02 401020                     /usr/lib/x86_64-linux-gnu/libXdmcp.so.6.0.0
7f68c5251000-7f68c5252000 r--p 00004000 08:02 401020                     /usr/lib/x86_64-linux-gnu/libXdmcp.so.6.0.0
7f68c5252000-7f68c5253000 rw-p 00005000 08:02 401020                     /usr/lib/x86_64-linux-gnu/libXdmcp.so.6.0.0
7f68c5253000-7f68c5255000 r-xp 00000000 08:02 401009                     /usr/lib/x86_64-linux-gnu/libXau.so.6.0.0
7f68c5255000-7f68c5455000 ---p 00002000 08:02 401009                     /usr/lib/x86_64-linux-gnu/libXau.so.6.0.0
7f68c5455000-7f68c5456000 r--p 00002000 08:02 401009                     /usr/lib/x86_64-linux-gnu/libXau.so.6.0.0
7f68c5456000-7f68c5457000 rw-p 00003000 08:02 401009                     /usr/lib/x86_64-linux-gnu/libXau.so.6.0.0
7f68c5457000-7f68c547d000 r-xp 00000000 08:02 402036                     /usr/lib/x86_64-linux-gnu/libxcb.so.1.1.0
7f68c547d000-7f68c567d000 ---p 00026000 08:02 402036                     /usr/lib/x86_64-linux-gnu/libxcb.so.1.1.0
7f68c567d000-7f68c567e000 r--p 00026000 08:02 402036                     /usr/lib/x86_64-linux-gnu/libxcb.so.1.1.0
7f68c567e000-7f68c567f000 rw-p 00027000 08:02 402036                     /usr/lib/x86_64-linux-gnu/libxcb.so.1.1.0
7f68c567f000-7f68c568e000 r-xp 00000000 08:02 401030                     /usr/lib/x86_64-linux-gnu/libXi.so.6.1.0
7f68c568e000-7f68c588d000 ---p 0000f000 08:02 401030                     /usr/lib/x86_64-linux-gnu/libXi.so.6.1.0
7f68c588d000-7f68c588e000 r--p 0000e000 08:02 401030                     /usr/lib/x86_64-linux-gnu/libXi.so.6.1.0
7f68c588e000-7f68c588f000 rw-p 0000f000 08:02 401030                     /usr/lib/x86_64-linux-gnu/libXi.so.6.1.0
7f68c588f000-7f68c5894000 r-xp 00000000 08:02 401048                     /usr/lib/x86_64-linux-gnu/libXtst.so.6.1.0
7f68c5894000-7f68c5a93000 ---p 00005000 08:02 401048                     /usr/lib/x86_64-linux-gnu/libXtst.so.6.1.0
7f68c5a93000-7f68c5a94000 r--p 00004000 08:02 401048                     /usr/lib/x86_64-linux-gnu/libXtst.so.6.1.0
7f68c5a94000-7f68c5a95000 rw-p 00005000 08:02 401048                     /usr/lib/x86_64-linux-gnu/libXtst.so.6.1.0
7f68c5a95000-7f68c5a9e000 r-xp 00000000 08:02 401042                     /usr/lib/x86_64-linux-gnu/libXrender.so.1.3.0
7f68c5a9e000-7f68c5c9d000 ---p 00009000 08:02 401042                     /usr/lib/x86_64-linux-gnu/libXrender.so.1.3.0
7f68c5c9d000-7f68c5c9e000 r--p 00008000 08:02 401042                     /usr/lib/x86_64-linux-gnu/libXrender.so.1.3.0
7f68c5c9e000-7f68c5c9f000 rw-p 00009000 08:02 401042                     /usr/lib/x86_64-linux-gnu/libXrender.so.1.3.0
7f68c5c9f000-7f68c5dd2000 r-xp 00000000 08:02 402221                     /usr/lib/x86_64-linux-gnu/libX11.so.6.3.0
7f68c5dd2000-7f68c5fd2000 ---p 00133000 08:02 402221                     /usr/lib/x86_64-linux-gnu/libX11.so.6.3.0
7f68c5fd2000-7f68c5fd3000 r--p 00133000 08:02 402221                     /usr/lib/x86_64-linux-gnu/libX11.so.6.3.0
7f68c5fd3000-7f68c5fd7000 rw-p 00134000 08:02 402221                     /usr/lib/x86_64-linux-gnu/libX11.so.6.3.0
7f68c5fd7000-7f68c5fe8000 r-xp 00000000 08:02 401022                     /usr/lib/x86_64-linux-gnu/libXext.so.6.4.0
7f68c5fe8000-7f68c61e7000 ---p 00011000 08:02 401022                     /usr/lib/x86_64-linux-gnu/libXext.so.6.4.0
7f68c61e7000-7f68c61e8000 r--p 00010000 08:02 401022                     /usr/lib/x86_64-linux-gnu/libXext.so.6.4.0
7f68c61e8000-7f68c61e9000 rw-p 00011000 08:02 401022                     /usr/lib/x86_64-linux-gnu/libXext.so.6.4.0
7f68c61e9000-7f68c623a000 r-xp 00000000 08:02 4980914                    /opt/xdman/jre/lib/amd64/libawt_xawt.so
7f68c623a000-7f68c643a000 ---p 00051000 08:02 4980914                    /opt/xdman/jre/lib/amd64/libawt_xawt.so
7f68c643a000-7f68c643b000 r--p 00051000 08:02 4980914                    /opt/xdman/jre/lib/amd64/libawt_xawt.so
7f68c643b000-7f68c643e000 rw-p 00052000 08:02 4980914                    /opt/xdman/jre/lib/amd64/libawt_xawt.so
7f68c643e000-7f68c643f000 rw-p 00000000 00:00 0 
7f68c643f000-7f68c64dd000 r-xp 00000000 08:02 4980909                    /opt/xdman/jre/lib/amd64/libawt.so
7f68c64dd000-7f68c66dc000 ---p 0009e000 08:02 4980909                    /opt/xdman/jre/lib/amd64/libawt.so
7f68c66dc000-7f68c66dd000 r--p 0009d000 08:02 4980909                    /opt/xdman/jre/lib/amd64/libawt.so
7f68c66dd000-7f68c66e8000 rw-p 0009e000 08:02 4980909                    /opt/xdman/jre/lib/amd64/libawt.so
7f68c66e8000-7f68c670d000 rw-p 00000000 00:00 0 
7f68c670d000-7f68c6723000 r-xp 00000000 08:02 4980916                    /opt/xdman/jre/lib/amd64/libnet.so
7f68c6723000-7f68c6922000 ---p 00016000 08:02 4980916                    /opt/xdman/jre/lib/amd64/libnet.so
7f68c6922000-7f68c6923000 r--p 00015000 08:02 4980916                    /opt/xdman/jre/lib/amd64/libnet.so
7f68c6923000-7f68c6924000 rw-p 00016000 08:02 4980916                    /opt/xdman/jre/lib/amd64/libnet.so
7f68c6924000-7f68c6927000 ---p 00000000 00:00 0 
7f68c6927000-7f68c6a25000 rw-p 00000000 00:00 0 
7f68c6a25000-7f68c6a26000 ---p 00000000 00:00 0 
7f68c6a26000-7f68c6b26000 rw-p 00000000 00:00 0 
7f68c6b26000-7f68c6b29000 ---p 00000000 00:00 0 
7f68c6b29000-7f68c6c27000 rw-p 00000000 00:00 0 
7f68c6c27000-7f68c6c28000 ---p 00000000 00:00 0 
7f68c6c28000-7f68c6c2b000 ---p 00000000 00:00 0 
7f68c6c2b000-7f68c6d28000 rw-p 00000000 00:00 0 
7f68c6d28000-7f68c6d29000 ---p 00000000 00:00 0 
7f68c6d29000-7f68c6d2c000 ---p 00000000 00:00 0 
7f68c6d2c000-7f68c6e29000 rw-p 00000000 00:00 0 
7f68c6e29000-7f68c6e2a000 ---p 00000000 00:00 0 
7f68c6e2a000-7f68c6e2d000 ---p 00000000 00:00 0 
7f68c6e2d000-7f68c6f2a000 rw-p 00000000 00:00 0 
7f68c6f2a000-7f68c6f2d000 ---p 00000000 00:00 0 
7f68c6f2d000-7f68c702b000 rw-p 00000000 00:00 0 
7f68c702b000-7f68c79fa000 r--p 00000000 08:02 399983                     /usr/lib/locale/locale-archive
7f68c79fa000-7f68c79fd000 ---p 00000000 00:00 0 
7f68c79fd000-7f68c7afb000 rw-p 00000000 00:00 0 
7f68c7afb000-7f68c7afe000 ---p 00000000 00:00 0 
7f68c7afe000-7f68c7bfc000 rw-p 00000000 00:00 0 
7f68c7bfc000-7f68c7bfd000 ---p 00000000 00:00 0 
7f68c7bfd000-7f68c8000000 rw-p 00000000 00:00 0 
7f68c8000000-7f68c8021000 rw-p 00000000 00:00 0 
7f68c8021000-7f68cc000000 ---p 00000000 00:00 0 
7f68cc044000-7f68ccc9e000 rw-p 00000000 00:00 0 
7f68ccc9e000-7f68cce6c000 r--s 03bce000 08:02 4980968                    /opt/xdman/jre/lib/rt.jar
7f68cce6c000-7f68cf86c000 rw-p 00000000 00:00 0 
7f68cf86c000-7f68cf86d000 ---p 00000000 00:00 0 
7f68cf86d000-7f68cf96d000 rw-p 00000000 00:00 0 
7f68cf96d000-7f68cf96e000 ---p 00000000 00:00 0 
7f68cf96e000-7f68cfa6e000 rw-p 00000000 00:00 0 
7f68cfa6e000-7f68cfa6f000 ---p 00000000 00:00 0 
7f68cfa6f000-7f68cfb6f000 rw-p 00000000 00:00 0 
7f68cfb6f000-7f68cfb70000 ---p 00000000 00:00 0 
7f68cfb70000-7f68cfc82000 rw-p 00000000 00:00 0 
7f68cfc82000-7f68cfdc6000 ---p 00000000 00:00 0 
7f68cfdc6000-7f68cfdd8000 rw-p 00000000 00:00 0 
7f68cfdd8000-7f68cff1b000 ---p 00000000 00:00 0 
7f68cff1b000-7f68cff24000 rw-p 00000000 00:00 0 
7f68cff24000-7f68cffc6000 ---p 00000000 00:00 0 
7f68cffc6000-7f68cffd7000 rw-p 00000000 00:00 0 
7f68cffd7000-7f68d0387000 ---p 00000000 00:00 0 
7f68d0387000-7f68d0767000 rwxp 00000000 00:00 0 
7f68d0767000-7f68df387000 ---p 00000000 00:00 0 
7f68df387000-7f68df38f000 r-xp 00000000 08:02 4980913                    /opt/xdman/jre/lib/amd64/libzip.so
7f68df38f000-7f68df58e000 ---p 00008000 08:02 4980913                    /opt/xdman/jre/lib/amd64/libzip.so
7f68df58e000-7f68df58f000 r--p 00007000 08:02 4980913                    /opt/xdman/jre/lib/amd64/libzip.so
7f68df58f000-7f68df590000 rw-p 00008000 08:02 4980913                    /opt/xdman/jre/lib/amd64/libzip.so
7f68df590000-7f68df59b000 r-xp 00000000 08:02 14947102                   /lib/x86_64-linux-gnu/libnss_files-2.27.so
7f68df59b000-7f68df79a000 ---p 0000b000 08:02 14947102                   /lib/x86_64-linux-gnu/libnss_files-2.27.so
7f68df79a000-7f68df79b000 r--p 0000a000 08:02 14947102                   /lib/x86_64-linux-gnu/libnss_files-2.27.so
7f68df79b000-7f68df79c000 rw-p 0000b000 08:02 14947102                   /lib/x86_64-linux-gnu/libnss_files-2.27.so
7f68df79c000-7f68df7a2000 rw-p 00000000 00:00 0 
7f68df7a2000-7f68df7b9000 r-xp 00000000 08:02 14947096                   /lib/x86_64-linux-gnu/libnsl-2.27.so
7f68df7b9000-7f68df9b8000 ---p 00017000 08:02 14947096                   /lib/x86_64-linux-gnu/libnsl-2.27.so
7f68df9b8000-7f68df9b9000 r--p 00016000 08:02 14947096                   /lib/x86_64-linux-gnu/libnsl-2.27.so
7f68df9b9000-7f68df9ba000 rw-p 00017000 08:02 14947096                   /lib/x86_64-linux-gnu/libnsl-2.27.so
7f68df9ba000-7f68df9bc000 rw-p 00000000 00:00 0 
7f68df9bc000-7f68df9c7000 r-xp 00000000 08:02 14947113                   /lib/x86_64-linux-gnu/libnss_nis-2.27.so
7f68df9c7000-7f68dfbc6000 ---p 0000b000 08:02 14947113                   /lib/x86_64-linux-gnu/libnss_nis-2.27.so
7f68dfbc6000-7f68dfbc7000 r--p 0000a000 08:02 14947113                   /lib/x86_64-linux-gnu/libnss_nis-2.27.so
7f68dfbc7000-7f68dfbc8000 rw-p 0000b000 08:02 14947113                   /lib/x86_64-linux-gnu/libnss_nis-2.27.so
7f68dfbc8000-7f68dfbd0000 r-xp 00000000 08:02 14947098                   /lib/x86_64-linux-gnu/libnss_compat-2.27.so
7f68dfbd0000-7f68dfdd0000 ---p 00008000 08:02 14947098                   /lib/x86_64-linux-gnu/libnss_compat-2.27.so
7f68dfdd0000-7f68dfdd1000 r--p 00008000 08:02 14947098                   /lib/x86_64-linux-gnu/libnss_compat-2.27.so
7f68dfdd1000-7f68dfdd2000 rw-p 00009000 08:02 14947098                   /lib/x86_64-linux-gnu/libnss_compat-2.27.so
7f68dfdd2000-7f68dfdfe000 r-xp 00000000 08:02 4980918                    /opt/xdman/jre/lib/amd64/libjava.so
7f68dfdfe000-7f68dfffd000 ---p 0002c000 08:02 4980918                    /opt/xdman/jre/lib/amd64/libjava.so
7f68dfffd000-7f68dfffe000 r--p 0002b000 08:02 4980918                    /opt/xdman/jre/lib/amd64/libjava.so
7f68dfffe000-7f68e0000000 rw-p 0002c000 08:02 4980918                    /opt/xdman/jre/lib/amd64/libjava.so
7f68e0000000-7f68e020f000 rw-p 00000000 00:00 0 
7f68e020f000-7f68e4000000 ---p 00000000 00:00 0 
7f68e4002000-7f68e4005000 r--s 00015000 08:02 4980946                    /opt/xdman/jre/lib/jce.jar
7f68e4005000-7f68e4018000 r--s 00346000 08:02 4980874                    /opt/xdman/jre/lib/resources.jar
7f68e4018000-7f68e402a000 r--s 00159000 08:02 4980964                    /opt/xdman/xdman.jar
7f68e402a000-7f68e4037000 r-xp 00000000 08:02 4980912                    /opt/xdman/jre/lib/amd64/libverify.so
7f68e4037000-7f68e4236000 ---p 0000d000 08:02 4980912                    /opt/xdman/jre/lib/amd64/libverify.so
7f68e4236000-7f68e4238000 r--p 0000c000 08:02 4980912                    /opt/xdman/jre/lib/amd64/libverify.so
7f68e4238000-7f68e4239000 rw-p 0000e000 08:02 4980912                    /opt/xdman/jre/lib/amd64/libverify.so
7f68e4239000-7f68e4240000 r-xp 00000000 08:02 14947153                   /lib/x86_64-linux-gnu/librt-2.27.so
7f68e4240000-7f68e443f000 ---p 00007000 08:02 14947153                   /lib/x86_64-linux-gnu/librt-2.27.so
7f68e443f000-7f68e4440000 r--p 00006000 08:02 14947153                   /lib/x86_64-linux-gnu/librt-2.27.so
7f68e4440000-7f68e4441000 rw-p 00007000 08:02 14947153                   /lib/x86_64-linux-gnu/librt-2.27.so
7f68e4441000-7f68e45de000 r-xp 00000000 08:02 14947075                   /lib/x86_64-linux-gnu/libm-2.27.so
7f68e45de000-7f68e47dd000 ---p 0019d000 08:02 14947075                   /lib/x86_64-linux-gnu/libm-2.27.so
7f68e47dd000-7f68e47de000 r--p 0019c000 08:02 14947075                   /lib/x86_64-linux-gnu/libm-2.27.so
7f68e47de000-7f68e47df000 rw-p 0019d000 08:02 14947075                   /lib/x86_64-linux-gnu/libm-2.27.so
7f68e47df000-7f68e5449000 r-xp 00000000 08:02 4980936                    /opt/xdman/jre/lib/amd64/server/libjvm.so
7f68e5449000-7f68e5649000 ---p 00c6a000 08:02 4980936                    /opt/xdman/jre/lib/amd64/server/libjvm.so
7f68e5649000-7f68e56dd000 r--p 00c6a000 08:02 4980936                    /opt/xdman/jre/lib/amd64/server/libjvm.so
7f68e56dd000-7f68e5705000 rw-p 00cfe000 08:02 4980936                    /opt/xdman/jre/lib/amd64/server/libjvm.so
7f68e5705000-7f68e5736000 rw-p 00000000 00:00 0 
7f68e5736000-7f68e591d000 r-xp 00000000 08:02 14947012                   /lib/x86_64-linux-gnu/libc-2.27.so
7f68e591d000-7f68e5b1d000 ---p 001e7000 08:02 14947012                   /lib/x86_64-linux-gnu/libc-2.27.so
7f68e5b1d000-7f68e5b21000 r--p 001e7000 08:02 14947012                   /lib/x86_64-linux-gnu/libc-2.27.so
7f68e5b21000-7f68e5b23000 rw-p 001eb000 08:02 14947012                   /lib/x86_64-linux-gnu/libc-2.27.so
7f68e5b23000-7f68e5b27000 rw-p 00000000 00:00 0 
7f68e5b27000-7f68e5b2a000 r-xp 00000000 08:02 14947035                   /lib/x86_64-linux-gnu/libdl-2.27.so
7f68e5b2a000-7f68e5d29000 ---p 00003000 08:02 14947035                   /lib/x86_64-linux-gnu/libdl-2.27.so
7f68e5d29000-7f68e5d2a000 r--p 00002000 08:02 14947035                   /lib/x86_64-linux-gnu/libdl-2.27.so
7f68e5d2a000-7f68e5d2b000 rw-p 00003000 08:02 14947035                   /lib/x86_64-linux-gnu/libdl-2.27.so
7f68e5d2b000-7f68e5d38000 r-xp 00000000 08:02 4980927                    /opt/xdman/jre/lib/amd64/jli/libjli.so
7f68e5d38000-7f68e5f37000 ---p 0000d000 08:02 4980927                    /opt/xdman/jre/lib/amd64/jli/libjli.so
7f68e5f37000-7f68e5f38000 r--p 0000c000 08:02 4980927                    /opt/xdman/jre/lib/amd64/jli/libjli.so
7f68e5f38000-7f68e5f39000 rw-p 0000d000 08:02 4980927                    /opt/xdman/jre/lib/amd64/jli/libjli.so
7f68e5f39000-7f68e5f55000 r-xp 00000000 08:02 14947184                   /lib/x86_64-linux-gnu/libz.so.1.2.11
7f68e5f55000-7f68e6154000 ---p 0001c000 08:02 14947184                   /lib/x86_64-linux-gnu/libz.so.1.2.11
7f68e6154000-7f68e6155000 r--p 0001b000 08:02 14947184                   /lib/x86_64-linux-gnu/libz.so.1.2.11
7f68e6155000-7f68e6156000 rw-p 0001c000 08:02 14947184                   /lib/x86_64-linux-gnu/libz.so.1.2.11
7f68e6156000-7f68e6170000 r-xp 00000000 08:02 14947145                   /lib/x86_64-linux-gnu/libpthread-2.27.so
7f68e6170000-7f68e636f000 ---p 0001a000 08:02 14947145                   /lib/x86_64-linux-gnu/libpthread-2.27.so
7f68e636f000-7f68e6370000 r--p 00019000 08:02 14947145                   /lib/x86_64-linux-gnu/libpthread-2.27.so
7f68e6370000-7f68e6371000 rw-p 0001a000 08:02 14947145                   /lib/x86_64-linux-gnu/libpthread-2.27.so
7f68e6371000-7f68e6375000 rw-p 00000000 00:00 0 
7f68e6375000-7f68e639c000 r-xp 00000000 08:02 14946984                   /lib/x86_64-linux-gnu/ld-2.27.so
7f68e639c000-7f68e6481000 rw-p 00000000 00:00 0 
7f68e6481000-7f68e6482000 ---p 00000000 00:00 0 
7f68e6482000-7f68e6485000 ---p 00000000 00:00 0 
7f68e6485000-7f68e6586000 rw-p 00000000 00:00 0 
7f68e6586000-7f68e6588000 r--s 00008000 08:02 4980951                    /opt/xdman/jre/lib/ext/sunec.jar
7f68e6588000-7f68e658d000 r--s 0009a000 08:02 4980862                    /opt/xdman/jre/lib/jsse.jar
7f68e658d000-7f68e6592000 r--s 002f8000 08:02 4980837                    /opt/xdman/jre/lib/charsets.jar
7f68e6592000-7f68e659a000 rw-s 00000000 08:02 23200585                   /tmp/hsperfdata_shivam/1688
7f68e659a000-7f68e659b000 rw-p 00000000 00:00 0 
7f68e659b000-7f68e659c000 r--p 00000000 00:00 0 
7f68e659c000-7f68e659d000 r--p 00027000 08:02 14946984                   /lib/x86_64-linux-gnu/ld-2.27.so
7f68e659d000-7f68e659e000 rw-p 00028000 08:02 14946984                   /lib/x86_64-linux-gnu/ld-2.27.so
7f68e659e000-7f68e659f000 rw-p 00000000 00:00 0 
7fffc7722000-7fffc7743000 rw-p 00000000 00:00 0                          [stack]
7fffc777d000-7fffc7780000 r--p 00000000 00:00 0                          [vvar]
7fffc7780000-7fffc7782000 r-xp 00000000 00:00 0                          [vdso]
ffffffffff600000-ffffffffff601000 r-xp 00000000 00:00 0                  [vsyscall]

VM Arguments:
jvm_args: -Xmx1024m 
java_command: /opt/xdman/xdman.jar -m
java_class_path (initial): /opt/xdman/xdman.jar
Launcher Type: SUN_STANDARD

Environment Variables:
PATH=/usr/local/sbin:/usr/local/bin:/usr/sbin:/usr/bin:/sbin:/bin:/usr/games:/usr/local/games:/snap/bin
USERNAME=shivam
SHELL=/bin/bash
DISPLAY=:0

Signal Handlers:
SIGSEGV: [libjvm.so+0xa6c220], sa_mask[0]=11111111011111111101111111111110, sa_flags=SA_RESTART|SA_SIGINFO
SIGBUS: [libjvm.so+0xa6c220], sa_mask[0]=11111111011111111101111111111110, sa_flags=SA_RESTART|SA_SIGINFO
SIGFPE: [libjvm.so+0x8ad240], sa_mask[0]=11111111011111111101111111111110, sa_flags=SA_RESTART|SA_SIGINFO
SIGPIPE: [libjvm.so+0x8ad240], sa_mask[0]=11111111011111111101111111111110, sa_flags=SA_RESTART|SA_SIGINFO
SIGXFSZ: [libjvm.so+0x8ad240], sa_mask[0]=11111111011111111101111111111110, sa_flags=SA_RESTART|SA_SIGINFO
SIGILL: [libjvm.so+0x8ad240], sa_mask[0]=11111111011111111101111111111110, sa_flags=SA_RESTART|SA_SIGINFO
SIGUSR1: SIG_DFL, sa_mask[0]=00000000000000000000000000000000, sa_flags=none
SIGUSR2: [libjvm.so+0x8ad110], sa_mask[0]=00000000000000000000000000000000, sa_flags=SA_RESTART|SA_SIGINFO
SIGHUP: [libjvm.so+0x8ad570], sa_mask[0]=11111111011111111101111111111110, sa_flags=SA_RESTART|SA_SIGINFO
SIGINT: [libjvm.so+0x8ad570], sa_mask[0]=11111111011111111101111111111110, sa_flags=SA_RESTART|SA_SIGINFO
SIGTERM: [libjvm.so+0x8ad570], sa_mask[0]=11111111011111111101111111111110, sa_flags=SA_RESTART|SA_SIGINFO
SIGQUIT: [libjvm.so+0x8ad570], sa_mask[0]=11111111011111111101111111111110, sa_flags=SA_RESTART|SA_SIGINFO


---------------  S Y S T E M  ---------------

OS:DISTRIB_ID=Ubuntu
DISTRIB_RELEASE=18.04
DISTRIB_CODENAME=bionic
DISTRIB_DESCRIPTION="Ubuntu 18.04.2 LTS"

uname:Linux 4.18.0-20-generic #21~18.04.1-Ubuntu SMP Wed May 8 08:43:37 UTC 2019 x86_64
libc:glibc 2.27 NPTL 2.27 
rlimit: STACK 8192k, CORE 0k, NPROC 13134, NOFILE 1048576, AS infinity
load average:7.59 2.77 2.41

/proc/meminfo:
MemTotal:        3481856 kB
MemFree:         2131888 kB
MemAvailable:    2664452 kB
Buffers:           26360 kB
Cached:           685836 kB
SwapCached:         3652 kB
Active:           438600 kB
Inactive:         385780 kB
Active(anon):      73388 kB
Inactive(anon):    40220 kB
Active(file):     365212 kB
Inactive(file):   345560 kB
Unevictable:           0 kB
Mlocked:               0 kB
SwapTotal:       2097148 kB
SwapFree:        2061220 kB
Dirty:               884 kB
Writeback:             0 kB
AnonPages:        110740 kB
Mapped:            84368 kB
Shmem:              1432 kB
Slab:              79676 kB
SReclaimable:      45200 kB
SUnreclaim:        34476 kB
KernelStack:        2264 kB
PageTables:         4156 kB
NFS_Unstable:          0 kB
Bounce:                0 kB
WritebackTmp:          0 kB
CommitLimit:     3838076 kB
Committed_AS:     497596 kB
VmallocTotal:   34359738367 kB
VmallocUsed:           0 kB
VmallocChunk:          0 kB
HardwareCorrupted:     0 kB
AnonHugePages:         0 kB
ShmemHugePages:        0 kB
ShmemPmdMapped:        0 kB
CmaTotal:              0 kB
CmaFree:               0 kB
HugePages_Total:       0
HugePages_Free:        0
HugePages_Rsvd:        0
HugePages_Surp:        0
Hugepagesize:       2048 kB
Hugetlb:               0 kB
DirectMap4k:     1253884 kB
DirectMap2M:     2377728 kB
DirectMap1G:           0 kB


CPU:total 4 (initial active 4) (4 cores per cpu, 1 threads per core) family 22 model 48 stepping 1, cmov, cx8, fxsr, mmx, sse, sse2, sse3, ssse3, sse4.1, sse4.2, popcnt, avx, aes, clmul, mmxext, 3dnowpref, lzcnt, sse4a, tsc, tscinvbit, tscinv, bmi1

/proc/cpuinfo:
processor	: 0
vendor_id	: AuthenticAMD
cpu family	: 22
model		: 48
model name	: AMD A6-7310 APU with AMD Radeon R4 Graphics
stepping	: 1
microcode	: 0x7030105
cpu MHz		: 1217.579
cache size	: 2048 KB
physical id	: 0
siblings	: 4
core id		: 0
cpu cores	: 4
apicid		: 0
initial apicid	: 0
fpu		: yes
fpu_exception	: yes
cpuid level	: 13
wp		: yes
flags		: fpu vme de pse tsc msr pae mce cx8 apic sep mtrr pge mca cmov pat pse36 clflush mmx fxsr sse sse2 ht syscall nx mmxext fxsr_opt pdpe1gb rdtscp lm constant_tsc rep_good acc_power nopl nonstop_tsc cpuid extd_apicid aperfmperf pni pclmulqdq monitor ssse3 cx16 sse4_1 sse4_2 movbe popcnt aes xsave avx f16c rdrand lahf_lm cmp_legacy svm extapic cr8_legacy abm sse4a misalignsse 3dnowprefetch osvw ibs skinit wdt topoext perfctr_nb bpext ptsc perfctr_llc cpb hw_pstate ssbd vmmcall bmi1 xsaveopt arat npt lbrv svm_lock nrip_save tsc_scale flushbyasid decodeassists pausefilter pfthreshold overflow_recov
bugs		: fxsave_leak sysret_ss_attrs null_seg spectre_v1 spectre_v2 spec_store_bypass
bogomips	: 3992.26
TLB size	: 1024 4K pages
clflush size	: 64
cache_alignment	: 64
address sizes	: 40 bits physical, 48 bits virtual
power management: ts ttp tm 100mhzsteps hwpstate cpb acc_power [13]

processor	: 1
vendor_id	: AuthenticAMD
cpu family	: 22
model		: 48
model name	: AMD A6-7310 APU with AMD Radeon R4 Graphics
stepping	: 1
microcode	: 0x7030105
cpu MHz		: 1351.894
cache size	: 2048 KB
physical id	: 0
siblings	: 4
core id		: 1
cpu cores	: 4
apicid		: 1
initial apicid	: 1
fpu		: yes
fpu_exception	: yes
cpuid level	: 13
wp		: yes
flags		: fpu vme de pse tsc msr pae mce cx8 apic sep mtrr pge mca cmov pat pse36 clflush mmx fxsr sse sse2 ht syscall nx mmxext fxsr_opt pdpe1gb rdtscp lm constant_tsc rep_good acc_power nopl nonstop_tsc cpuid extd_apicid aperfmperf pni pclmulqdq monitor ssse3 cx16 sse4_1 sse4_2 movbe popcnt aes xsave avx f16c rdrand lahf_lm cmp_legacy svm extapic cr8_legacy abm sse4a misalignsse 3dnowprefetch osvw ibs skinit wdt topoext perfctr_nb bpext ptsc perfctr_llc cpb hw_pstate ssbd vmmcall bmi1 xsaveopt arat npt lbrv svm_lock nrip_save tsc_scale flushbyasid decodeassists pausefilter pfthreshold overflow_recov
bugs		: fxsave_leak sysret_ss_attrs null_seg spectre_v1 spectre_v2 spec_store_bypass
bogomips	: 3992.26
TLB size	: 1024 4K pages
clflush size	: 64
cache_alignment	: 64
address sizes	: 40 bits physical, 48 bits virtual
power management: ts ttp tm 100mhzsteps hwpstate cpb acc_power [13]

processor	: 2
vendor_id	: AuthenticAMD
cpu family	: 22
model		: 48
model name	: AMD A6-7310 APU with AMD Radeon R4 Graphics
stepping	: 1
microcode	: 0x7030105
cpu MHz		: 1086.293
cache size	: 2048 KB
physical id	: 0
siblings	: 4
core id		: 2
cpu cores	: 4
apicid		: 2
initial apicid	: 2
fpu		: yes
fpu_exception	: yes
cpuid level	: 13
wp		: yes
flags		: fpu vme de pse tsc msr pae mce cx8 apic sep mtrr pge mca cmov pat pse36 clflush mmx fxsr sse sse2 ht syscall nx mmxext fxsr_opt pdpe1gb rdtscp lm constant_tsc rep_good acc_power nopl nonstop_tsc cpuid extd_apicid aperfmperf pni pclmulqdq monitor ssse3 cx16 sse4_1 sse4_2 movbe popcnt aes xsave avx f16c rdrand lahf_lm cmp_legacy svm extapic cr8_legacy abm sse4a misalignsse 3dnowprefetch osvw ibs skinit wdt topoext perfctr_nb bpext ptsc perfctr_llc cpb hw_pstate ssbd vmmcall bmi1 xsaveopt arat npt lbrv svm_lock nrip_save tsc_scale flushbyasid decodeassists pausefilter pfthreshold overflow_recov
bugs		: fxsave_leak sysret_ss_attrs null_seg spectre_v1 spectre_v2 spec_store_bypass
bogomips	: 3992.26
TLB size	: 1024 4K pages
clflush size	: 64
cache_alignment	: 64
address sizes	: 40 bits physical, 48 bits virtual
power management: ts ttp tm 100mhzsteps hwpstate cpb acc_power [13]

processor	: 3
vendor_id	: AuthenticAMD
cpu family	: 22
model		: 48
model name	: AMD A6-7310 APU with AMD Radeon R4 Graphics
stepping	: 1
microcode	: 0x7030105
cpu MHz		: 1141.190
cache size	: 2048 KB
physical id	: 0
siblings	: 4
core id		: 3
cpu cores	: 4
apicid		: 3
initial apicid	: 3
fpu		: yes
fpu_exception	: yes
cpuid level	: 13
wp		: yes
flags		: fpu vme de pse tsc msr pae mce cx8 apic sep mtrr pge mca cmov pat pse36 clflush mmx fxsr sse sse2 ht syscall nx mmxext fxsr_opt pdpe1gb rdtscp lm constant_tsc rep_good acc_power nopl nonstop_tsc cpuid extd_apicid aperfmperf pni pclmulqdq monitor ssse3 cx16 sse4_1 sse4_2 movbe popcnt aes xsave avx f16c rdrand lahf_lm cmp_legacy svm extapic cr8_legacy abm sse4a misalignsse 3dnowprefetch osvw ibs skinit wdt topoext perfctr_nb bpext ptsc perfctr_llc cpb hw_pstate ssbd vmmcall bmi1 xsaveopt arat npt lbrv svm_lock nrip_save tsc_scale flushbyasid decodeassists pausefilter pfthreshold overflow_recov
bugs		: fxsave_leak sysret_ss_attrs null_seg spectre_v1 spectre_v2 spec_store_bypass
bogomips	: 3992.26
TLB size	: 1024 4K pages
clflush size	: 64
cache_alignment	: 64
address sizes	: 40 bits physical, 48 bits virtual
power management: ts ttp tm 100mhzsteps hwpstate cpb acc_power [13]



Memory: 4k page, physical 3481856k(2131904k free), swap 2097148k(2061220k free)

vm_info: OpenJDK 64-Bit Server VM (25.141-b15) for linux-amd64 JRE (1.8.0_141-BLFS-b15), built on Jul 31 2017 19:13:20 by "pierre" with gcc 7.1.0

time: Mon Jun  3 17:15:23 2019
elapsed time: 13916 seconds (0d 3h 51m 56s)

