#
# A fatal error has been detected by the Java Runtime Environment:
#
#  SIGSEGV (0xb) at pc=0x00007f070d06947a, pid=1666, tid=0x00007f06e814a700
#
# JRE version: OpenJDK Runtime Environment (8.0_141-b15) (build 1.8.0_141-BLFS-b15)
# Java VM: OpenJDK 64-Bit Server VM (25.141-b15 mixed mode linux-amd64 compressed oops)
# Problematic frame:
# v  ~BufferBlob::jni_fast_GetLongField
#
# Failed to write core dump. Core dumps have been disabled. To enable core dumping, try "ulimit -c unlimited" before starting Java again
#
# If you would like to submit a bug report, please visit:
#   http://bugreport.java.com/bugreport/crash.jsp
# The crash happened outside the Java Virtual Machine in native code.
# See problematic frame for where to report the bug.
#

---------------  T H R E A D  ---------------

Current thread (0x00007f06d0102800):  JavaThread "AWT-XAWT" daemon [_thread_in_native, id=1807, stack(0x00007f06e804a000,0x00007f06e814b000)]

siginfo: si_signo: 11 (SIGSEGV), si_code: 1 (SEGV_MAPERR), si_addr: 0x0000000000000000

Registers:
RAX=0x00007f072261cf60, RBX=0x00007f06d01029e0, RCX=0x0000000000000001, RDX=0x0000000000000042
RSP=0x00007f06e81497f8, RBP=0x00007f06e8149820, RSI=0x0000000000000000, RDI=0x00007f06d01029e0
R8 =0x00007f06cb8bc9b0, R9 =0x0000000000000000, R10=0x000000000000032a, R11=0x00007f070d506198
R12=0x0000000000000000, R13=0x0000000000000000, R14=0x00007f06cbfffae0, R15=0x00007f06d0102800
RIP=0x00007f070d06947a, EFLAGS=0x0000000000010246, CSGSFS=0x002b000000000033, ERR=0x0000000000000004
  TRAPNO=0x000000000000000e

Top of Stack: (sp=0x00007f06e81497f8)
0x00007f06e81497f8:   00007f06cbddd624 00007f070a1675d0
0x00007f06e8149808:   0000000000000000 00007f06e81498d0
0x00007f06e8149818:   00007f06e81498a0 00007f06b0313d20
0x00007f06e8149828:   00007f06cb8c4b1d 00007f070a1675d0
0x00007f06e8149838:   00007f06e8149860 0000000000000000
0x00007f06e8149848:   00007f06cb8bc9d3 00007f06e81498d0
0x00007f06e8149858:   00007f06cbdd5a8f 00007f06e81498b0
0x00007f06e8149868:   00007f070d506236 0000000000000000
0x00007f06e8149878:   00007f070d221df6 00007f06e81498d0
0x00007f06e8149888:   00007f070d1782ac 00000000c02968e8
0x00007f06e8149898:   00007f070d3ed034 00000000c0000898
0x00007f06e81498a8:   00000000c03c8fe8 00007f06e8149930
0x00007f06e81498b8:   00007f070d0077d0 00007f06e8149930
0x00007f06e81498c8:   00007f070d0077d0 0000000000000000
0x00007f06e81498d8:   00007f070d007b10 00007f06bc001100
0x00007f06e81498e8:   00000000c02968e8 00007f06e81498f0
0x00007f06e81498f8:   00007f070a0d05e4 00007f06e8149978
0x00007f06e8149908:   00007f070a12c560 0000000000000000
0x00007f06e8149918:   00007f070a0d0720 00007f06e81498d0
0x00007f06e8149928:   00007f06e8149970 00007f06e81499c0
0x00007f06e8149938:   00007f070d007ffd 0000000000000000
0x00007f06e8149948:   00000000eb12d060 0000000000000000
0x00007f06e8149958:   0000000000000000 0000000000000000
0x00007f06e8149968:   00000000c02968e8 0000000000000000
0x00007f06e8149978:   00000000c0399608 00007f06e8149980
0x00007f06e8149988:   00007f070a0d0425 00007f06e81499d0
0x00007f06e8149998:   00007f070a12c560 0000000000000000
0x00007f06e81499a8:   00007f070a0d0430 00007f06e8149970
0x00007f06e81499b8:   00007f06e81499d0 00007f06e8149a18
0x00007f06e81499c8:   00007f070d008042 00000000c0399608
0x00007f06e81499d8:   00007f06e81499d8 00007f0709d134b3
0x00007f06e81499e8:   00007f06e8149a28 00007f0709d9a020 

Instructions: (pc=0x00007f070d06947a)
0x00007f070d06945a:   00 00 00 00 00 00 44 8b 15 cd 05 5e 15 4c 8b ce
0x00007f070d06946a:   41 f6 c2 01 0f 85 2e 00 00 00 4d 33 ca 4d 33 ca
0x00007f070d06947a:   4d 8b 09 4c 8b da 49 c1 eb 02 4b 8b 04 19 49 bb
0x00007f070d06948a:   34 9a 64 22 07 7f 00 00 4c 33 d8 4c 33 d8 45 3b 

Register to memory mapping:

RAX=0x00007f072261cf60: <offset 0xf0df60> in /opt/xdman/jre/lib/amd64/server/libjvm.so at 0x00007f072170f000
RBX=0x00007f06d01029e0 is an unknown value
RCX=0x0000000000000001 is an unknown value
RDX=0x0000000000000042 is an unknown value
RSP=0x00007f06e81497f8 is pointing into the stack for thread: 0x00007f06d0102800
RBP=0x00007f06e8149820 is pointing into the stack for thread: 0x00007f06d0102800
RSI=0x0000000000000000 is an unknown value
RDI=0x00007f06d01029e0 is an unknown value
R8 =0x00007f06cb8bc9b0: <offset 0x5c9b0> in /usr/lib/x86_64-linux-gnu/libX11.so.6 at 0x00007f06cb860000
R9 =0x0000000000000000 is an unknown value
R10=0x000000000000032a is an unknown value
R11=0x00007f070d506198 is at entry_point+24 in (nmethod*)0x00007f070d506010
R12=0x0000000000000000 is an unknown value
R13=0x0000000000000000 is an unknown value
R14=0x00007f06cbfffae0: <offset 0x255ae0> in /opt/xdman/jre/lib/amd64/libawt_xawt.so at 0x00007f06cbdaa000
R15=0x00007f06d0102800 is a thread


Stack: [0x00007f06e804a000,0x00007f06e814b000],  sp=0x00007f06e81497f8,  free space=1021k
Native frames: (J=compiled Java code, j=interpreted, Vv=VM code, C=native code)
v  ~BufferBlob::jni_fast_GetLongField
C  [libX11.so.6+0x64b1d]  _XimServerDestroy+0x3d

Java frames: (J=compiled Java code, j=interpreted, Vv=VM code)
J 1656  sun.awt.X11.XlibWrapper.XFilterEvent(JJ)Z (0 bytes) @ 0x00007f070d5061c4 [0x00007f070d506180+0x44]
j  sun.awt.X11.XToolkit.run(Z)V+300
j  sun.awt.X11.XToolkit.run()V+5
j  java.lang.Thread.run()V+11
v  ~StubRoutines::call_stub

---------------  P R O C E S S  ---------------

Java Threads: ( => current thread )
  0x00007f069400c000 JavaThread "Thread-9" [_thread_blocked, id=3710, stack(0x00007f06c8105000,0x00007f06c8206000)]
  0x00007f06b0061800 JavaThread "TimerQueue" daemon [_thread_blocked, id=3705, stack(0x00007f06c8408000,0x00007f06c8509000)]
  0x00007f06d0153800 JavaThread "Thread-1" [_thread_blocked, id=1808, stack(0x00007f06ca4e8000,0x00007f06ca5e9000)]
=>0x00007f06d0102800 JavaThread "AWT-XAWT" daemon [_thread_in_native, id=1807, stack(0x00007f06e804a000,0x00007f06e814b000)]
  0x00007f06d00e6800 JavaThread "Java2D Disposer" daemon [_thread_blocked, id=1806, stack(0x00007f07080fe000,0x00007f07081ff000)]
  0x00007f071c00a000 JavaThread "DestroyJavaVM" [_thread_blocked, id=1726, stack(0x00007f07233b5000,0x00007f07234b5000)]
  0x00007f071c1e4800 JavaThread "Thread-0" [_thread_in_native, id=1802, stack(0x00007f07081ff000,0x00007f0708300000)]
  0x00007f071c198800 JavaThread "Service Thread" daemon [_thread_blocked, id=1793, stack(0x00007f0708401000,0x00007f0708502000)]
  0x00007f071c183800 JavaThread "C1 CompilerThread2" daemon [_thread_blocked, id=1792, stack(0x00007f0708503000,0x00007f0708603000)]
  0x00007f071c181800 JavaThread "C2 CompilerThread1" daemon [_thread_blocked, id=1791, stack(0x00007f0708604000,0x00007f0708704000)]
  0x00007f071c17f000 JavaThread "C2 CompilerThread0" daemon [_thread_blocked, id=1790, stack(0x00007f0708705000,0x00007f0708805000)]
  0x00007f071c17d800 JavaThread "Signal Dispatcher" daemon [_thread_blocked, id=1789, stack(0x00007f0708805000,0x00007f0708906000)]
  0x00007f071c14b000 JavaThread "Finalizer" daemon [_thread_blocked, id=1788, stack(0x00007f0708906000,0x00007f0708a07000)]
  0x00007f071c146000 JavaThread "Reference Handler" daemon [_thread_blocked, id=1785, stack(0x00007f0708a07000,0x00007f0708b08000)]

Other Threads:
  0x00007f071c13e800 VMThread [stack: 0x00007f0708b09000,0x00007f0708c09000] [id=1779]
  0x00007f071c19b800 WatcherThread [stack: 0x00007f0708301000,0x00007f0708401000] [id=1794]

VM state:not at safepoint (normal execution)

VM Mutex/Monitor currently owned by a thread: None

Heap:
 PSYoungGen      total 18432K, used 172K [0x00000000eab00000, 0x00000000ec200000, 0x0000000100000000)
  eden space 14336K, 0% used [0x00000000eab00000,0x00000000eab1b2d0,0x00000000eb900000)
  from space 4096K, 1% used [0x00000000eb900000,0x00000000eb910000,0x00000000ebd00000)
  to   space 4608K, 0% used [0x00000000ebd80000,0x00000000ebd80000,0x00000000ec200000)
 ParOldGen       total 36864K, used 4499K [0x00000000c0000000, 0x00000000c2400000, 0x00000000eab00000)
  object space 36864K, 12% used [0x00000000c0000000,0x00000000c0464f50,0x00000000c2400000)
 Metaspace       used 18253K, capacity 18584K, committed 18816K, reserved 1067008K
  class space    used 2052K, capacity 2157K, committed 2176K, reserved 1048576K

Card table byte_map: [0x00007f07200e0000,0x00007f07202e1000] byte_map_base: 0x00007f071fae0000

Marking Bits: (ParMarkBitMap*) 0x00007f0722649120
 Begin Bits: [0x00007f070a6e6000, 0x00007f070b6e6000)
 End Bits:   [0x00007f070b6e6000, 0x00007f070c6e6000)

Polling page: 0x00007f07234cb000

CodeCache: size=245760Kb used=6691Kb max_used=6720Kb free=239068Kb
 bounds [0x00007f070d000000, 0x00007f070d6b0000, 0x00007f071c000000]
 total_blobs=2629 nmethods=2011 adapters=532
 compilation: enabled

Compilation events (10 events):
Event: 11517.243 Thread 0x00007f071c181800 2265       4       java.util.ArrayList$Itr::<init> (6 bytes)
Event: 11517.244 Thread 0x00007f071c181800 nmethod 2265 0x00007f070d10fb50 code [0x00007f070d10fca0, 0x00007f070d10fd38]
Event: 11517.245 Thread 0x00007f071c183800 2266       2       java.util.ArrayList$Itr::<init> (26 bytes)
Event: 11517.245 Thread 0x00007f071c183800 nmethod 2266 0x00007f070d3be510 code [0x00007f070d3be660, 0x00007f070d3be7d0]
Event: 11519.499 Thread 0x00007f071c183800 2267       3       java.util.HashMap::<init> (98 bytes)
Event: 11519.501 Thread 0x00007f071c183800 nmethod 2267 0x00007f070d1d91d0 code [0x00007f070d1d9480, 0x00007f070d1da798]
Event: 11535.780 Thread 0x00007f071c183800 2268       3       java.util.HashMap::<init> (8 bytes)
Event: 11535.780 Thread 0x00007f071c183800 nmethod 2268 0x00007f070d121b50 code [0x00007f070d121ce0, 0x00007f070d121e68]
Event: 11536.513 Thread 0x00007f071c183800 2269       3       java.awt.event.InvocationEvent::<init> (13 bytes)
Event: 11536.514 Thread 0x00007f071c183800 nmethod 2269 0x00007f070d331850 code [0x00007f070d3319c0, 0x00007f070d331b68]

GC Heap History (10 events):
Event: 1419.698 GC heap before
{Heap before GC invocations=5 (full 0):
 PSYoungGen      total 16384K, used 16371K [0x00000000eab00000, 0x00000000ebd00000, 0x0000000100000000)
  eden space 14336K, 99% used [0x00000000eab00000,0x00000000eb8fffb8,0x00000000eb900000)
  from space 2048K, 99% used [0x00000000ebb00000,0x00000000ebcfccd0,0x00000000ebd00000)
  to   space 2048K, 0% used [0x00000000eb900000,0x00000000eb900000,0x00000000ebb00000)
 ParOldGen       total 36864K, used 2394K [0x00000000c0000000, 0x00000000c2400000, 0x00000000eab00000)
  object space 36864K, 6% used [0x00000000c0000000,0x00000000c0256810,0x00000000c2400000)
 Metaspace       used 17960K, capacity 18220K, committed 18560K, reserved 1064960K
  class space    used 2010K, capacity 2123K, committed 2176K, reserved 1048576K
Event: 1419.711 GC heap after
Heap after GC invocations=5 (full 0):
 PSYoungGen      total 16384K, used 2038K [0x00000000eab00000, 0x00000000ec000000, 0x0000000100000000)
  eden space 14336K, 0% used [0x00000000eab00000,0x00000000eab00000,0x00000000eb900000)
  from space 2048K, 99% used [0x00000000eb900000,0x00000000ebafd800,0x00000000ebb00000)
  to   space 3584K, 0% used [0x00000000ebc80000,0x00000000ebc80000,0x00000000ec000000)
 ParOldGen       total 36864K, used 3233K [0x00000000c0000000, 0x00000000c2400000, 0x00000000eab00000)
  object space 36864K, 8% used [0x00000000c0000000,0x00000000c0328460,0x00000000c2400000)
 Metaspace       used 17960K, capacity 18220K, committed 18560K, reserved 1064960K
  class space    used 2010K, capacity 2123K, committed 2176K, reserved 1048576K
}
Event: 1654.909 GC heap before
{Heap before GC invocations=6 (full 0):
 PSYoungGen      total 16384K, used 16374K [0x00000000eab00000, 0x00000000ec000000, 0x0000000100000000)
  eden space 14336K, 100% used [0x00000000eab00000,0x00000000eb900000,0x00000000eb900000)
  from space 2048K, 99% used [0x00000000eb900000,0x00000000ebafd800,0x00000000ebb00000)
  to   space 3584K, 0% used [0x00000000ebc80000,0x00000000ebc80000,0x00000000ec000000)
 ParOldGen       total 36864K, used 3233K [0x00000000c0000000, 0x00000000c2400000, 0x00000000eab00000)
  object space 36864K, 8% used [0x00000000c0000000,0x00000000c0328460,0x00000000c2400000)
 Metaspace       used 18181K, capacity 18520K, committed 18816K, reserved 1067008K
  class space    used 2048K, capacity 2157K, committed 2176K, reserved 1048576K
Event: 1654.918 GC heap after
Heap after GC invocations=6 (full 0):
 PSYoungGen      total 17920K, used 1738K [0x00000000eab00000, 0x00000000ec000000, 0x0000000100000000)
  eden space 14336K, 0% used [0x00000000eab00000,0x00000000eab00000,0x00000000eb900000)
  from space 3584K, 48% used [0x00000000ebc80000,0x00000000ebe328f0,0x00000000ec000000)
  to   space 3584K, 0% used [0x00000000eb900000,0x00000000eb900000,0x00000000ebc80000)
 ParOldGen       total 36864K, used 3241K [0x00000000c0000000, 0x00000000c2400000, 0x00000000eab00000)
  object space 36864K, 8% used [0x00000000c0000000,0x00000000c032a460,0x00000000c2400000)
 Metaspace       used 18181K, capacity 18520K, committed 18816K, reserved 1067008K
  class space    used 2048K, capacity 2157K, committed 2176K, reserved 1048576K
}
Event: 2083.708 GC heap before
{Heap before GC invocations=7 (full 0):
 PSYoungGen      total 17920K, used 16074K [0x00000000eab00000, 0x00000000ec000000, 0x0000000100000000)
  eden space 14336K, 100% used [0x00000000eab00000,0x00000000eb900000,0x00000000eb900000)
  from space 3584K, 48% used [0x00000000ebc80000,0x00000000ebe328f0,0x00000000ec000000)
  to   space 3584K, 0% used [0x00000000eb900000,0x00000000eb900000,0x00000000ebc80000)
 ParOldGen       total 36864K, used 3241K [0x00000000c0000000, 0x00000000c2400000, 0x00000000eab00000)
  object space 36864K, 8% used [0x00000000c0000000,0x00000000c032a460,0x00000000c2400000)
 Metaspace       used 18183K, capacity 18520K, committed 18816K, reserved 1067008K
  class space    used 2048K, capacity 2157K, committed 2176K, reserved 1048576K
Event: 2083.715 GC heap after
Heap after GC invocations=7 (full 0):
 PSYoungGen      total 17920K, used 384K [0x00000000eab00000, 0x00000000ec100000, 0x0000000100000000)
  eden space 14336K, 0% used [0x00000000eab00000,0x00000000eab00000,0x00000000eb900000)
  from space 3584K, 10% used [0x00000000eb900000,0x00000000eb960000,0x00000000ebc80000)
  to   space 4096K, 0% used [0x00000000ebd00000,0x00000000ebd00000,0x00000000ec100000)
 ParOldGen       total 36864K, used 4195K [0x00000000c0000000, 0x00000000c2400000, 0x00000000eab00000)
  object space 36864K, 11% used [0x00000000c0000000,0x00000000c0418d20,0x00000000c2400000)
 Metaspace       used 18183K, capacity 18520K, committed 18816K, reserved 1067008K
  class space    used 2048K, capacity 2157K, committed 2176K, reserved 1048576K
}
Event: 2604.708 GC heap before
{Heap before GC invocations=8 (full 0):
 PSYoungGen      total 17920K, used 14720K [0x00000000eab00000, 0x00000000ec100000, 0x0000000100000000)
  eden space 14336K, 100% used [0x00000000eab00000,0x00000000eb900000,0x00000000eb900000)
  from space 3584K, 10% used [0x00000000eb900000,0x00000000eb960000,0x00000000ebc80000)
  to   space 4096K, 0% used [0x00000000ebd00000,0x00000000ebd00000,0x00000000ec100000)
 ParOldGen       total 36864K, used 4195K [0x00000000c0000000, 0x00000000c2400000, 0x00000000eab00000)
  object space 36864K, 11% used [0x00000000c0000000,0x00000000c0418d20,0x00000000c2400000)
 Metaspace       used 18212K, capacity 18520K, committed 18816K, reserved 1067008K
  class space    used 2048K, capacity 2157K, committed 2176K, reserved 1048576K
Event: 2604.711 GC heap after
Heap after GC invocations=8 (full 0):
 PSYoungGen      total 18432K, used 160K [0x00000000eab00000, 0x00000000ec100000, 0x0000000100000000)
  eden space 14336K, 0% used [0x00000000eab00000,0x00000000eab00000,0x00000000eb900000)
  from space 4096K, 3% used [0x00000000ebd00000,0x00000000ebd28000,0x00000000ec100000)
  to   space 4096K, 0% used [0x00000000eb900000,0x00000000eb900000,0x00000000ebd00000)
 ParOldGen       total 36864K, used 4459K [0x00000000c0000000, 0x00000000c2400000, 0x00000000eab00000)
  object space 36864K, 12% used [0x00000000c0000000,0x00000000c045ad20,0x00000000c2400000)
 Metaspace       used 18212K, capacity 18520K, committed 18816K, reserved 1067008K
  class space    used 2048K, capacity 2157K, committed 2176K, reserved 1048576K
}
Event: 11536.503 GC heap before
{Heap before GC invocations=9 (full 0):
 PSYoungGen      total 18432K, used 14496K [0x00000000eab00000, 0x00000000ec100000, 0x0000000100000000)
  eden space 14336K, 100% used [0x00000000eab00000,0x00000000eb900000,0x00000000eb900000)
  from space 4096K, 3% used [0x00000000ebd00000,0x00000000ebd28000,0x00000000ec100000)
  to   space 4096K, 0% used [0x00000000eb900000,0x00000000eb900000,0x00000000ebd00000)
 ParOldGen       total 36864K, used 4459K [0x00000000c0000000, 0x00000000c2400000, 0x00000000eab00000)
  object space 36864K, 12% used [0x00000000c0000000,0x00000000c045ad20,0x00000000c2400000)
 Metaspace       used 18245K, capacity 18584K, committed 18816K, reserved 1067008K
  class space    used 2052K, capacity 2157K, committed 2176K, reserved 1048576K
Event: 11536.512 GC heap after
Heap after GC invocations=9 (full 0):
 PSYoungGen      total 18432K, used 64K [0x00000000eab00000, 0x00000000ec200000, 0x0000000100000000)
  eden space 14336K, 0% used [0x00000000eab00000,0x00000000eab00000,0x00000000eb900000)
  from space 4096K, 1% used [0x00000000eb900000,0x00000000eb910000,0x00000000ebd00000)
  to   space 4608K, 0% used [0x00000000ebd80000,0x00000000ebd80000,0x00000000ec200000)
 ParOldGen       total 36864K, used 4499K [0x00000000c0000000, 0x00000000c2400000, 0x00000000eab00000)
  object space 36864K, 12% used [0x00000000c0000000,0x00000000c0464f50,0x00000000c2400000)
 Metaspace       used 18245K, capacity 18584K, committed 18816K, reserved 1067008K
  class space    used 2052K, capacity 2157K, committed 2176K, reserved 1048576K
}

Deoptimization events (10 events):
Event: 1384.997 Thread 0x00007f069401a800 Uncommon trap: reason=class_check action=maybe_recompile pc=0x00007f070d1e4324 method=java.security.MessageDigest$Delegate.engineUpdate([BII)V @ 7
Event: 1384.997 Thread 0x00007f069401a800 Uncommon trap: reason=class_check action=maybe_recompile pc=0x00007f070d1e4324 method=java.security.MessageDigest$Delegate.engineUpdate([BII)V @ 7
Event: 1385.734 Thread 0x00007f069401a800 Uncommon trap: reason=unstable_if action=reinterpret pc=0x00007f070d58044c method=sun.security.provider.SHA5.implDigest([BI)V @ 21
Event: 1385.734 Thread 0x00007f069401a800 Uncommon trap: reason=unstable_if action=reinterpret pc=0x00007f070d5819f8 method=sun.security.provider.SHA5.implDigest([BI)V @ 21
Event: 1513.614 Thread 0x00007f06d00fb800 Uncommon trap: reason=unstable_if action=reinterpret pc=0x00007f070d2eff7c method=sun.nio.cs.UTF_8$Decoder.decode([BII[C)I @ 30
Event: 1513.614 Thread 0x00007f06d00fb800 Uncommon trap: reason=unstable_if action=reinterpret pc=0x00007f070d308088 method=sun.nio.cs.UTF_8$Encoder.encodeArrayLoop(Ljava/nio/CharBuffer;Ljava/nio/ByteBuffer;)Ljava/nio/charset/CoderResult; @ 87
Event: 3028.953 Thread 0x00007f06d0066800 Uncommon trap: reason=unstable_if action=reinterpret pc=0x00007f070d25a914 method=xdman.util.NetUtils.readLine(Ljava/io/InputStream;)Ljava/lang/String; @ 15
Event: 3028.954 Thread 0x00007f06d0067000 Uncommon trap: reason=unstable_if action=reinterpret pc=0x00007f070d25a914 method=xdman.util.NetUtils.readLine(Ljava/io/InputStream;)Ljava/lang/String; @ 15
Event: 3500.472 Thread 0x00007f06d0153800 Uncommon trap: reason=unstable_if action=reinterpret pc=0x00007f070d2a504c method=java.lang.Integer.getChars(II[C)V @ 7
Event: 3501.363 Thread 0x00007f06d0153800 Uncommon trap: reason=unstable_if action=reinterpret pc=0x00007f070d1ff4e8 method=java.lang.Integer.getChars(II[C)V @ 7

Internal exceptions (10 events):
Event: 1318.660 Thread 0x00007f06b8009000 Implicit null exception at 0x00007f070d2ec3c6 to 0x00007f070d2ec6b5
Event: 1318.660 Thread 0x00007f06b8009000 Exception <a 'java/lang/NullPointerException'> (0x00000000eb6d8308) thrown at [/sources/openjdk/jdk8u-jdk8u141-b15/hotspot/src/share/vm/runtime/sharedRuntime.cpp, line 605]
Event: 1330.649 Thread 0x00007f06b8009000 Implicit null exception at 0x00007f070d2fea85 to 0x00007f070d2fead9
Event: 1330.649 Thread 0x00007f06b8009000 Implicit null exception at 0x00007f070d2b1043 to 0x00007f070d2b1091
Event: 1330.890 Thread 0x00007f06b8009000 Exception <a 'java/lang/UnsupportedOperationException': > (0x00000000eb7e9f08) thrown at [/sources/openjdk/jdk8u-jdk8u141-b15/hotspot/src/share/vm/prims/jni.cpp, line 735]
Event: 1333.087 Thread 0x00007f06b8009000 Exception <a 'java/lang/UnsupportedOperationException': > (0x00000000eb8daf40) thrown at [/sources/openjdk/jdk8u-jdk8u141-b15/hotspot/src/share/vm/prims/jni.cpp, line 735]
Event: 1428.908 Thread 0x00007f06b8009000 Exception <a 'java/lang/UnsupportedOperationException': > (0x00000000eb169160) thrown at [/sources/openjdk/jdk8u-jdk8u141-b15/hotspot/src/share/vm/prims/jni.cpp, line 735]
Event: 1468.195 Thread 0x00007f0684002800 Exception <a 'java/net/ConnectException'> (0x00000000eb2cc718) thrown at [/sources/openjdk/jdk8u-jdk8u141-b15/hotspot/src/share/vm/prims/jni.cpp, line 709]
Event: 1468.197 Thread 0x00007f0684002800 Exception <a 'java/lang/InterruptedException': sleep interrupted> (0x00000000eb2d2108) thrown at [/sources/openjdk/jdk8u-jdk8u141-b15/hotspot/src/share/vm/prims/jvm.cpp, line 3180]
Event: 3500.481 Thread 0x00007f06d0153800 Exception <a 'java/net/UnknownHostException'> (0x00000000eb65bb68) thrown at [/sources/openjdk/jdk8u-jdk8u141-b15/hotspot/src/share/vm/prims/jni.cpp, line 709]

Events (10 events):
Event: 11535.781 Thread 0x00007f071c183800 flushing nmethod 0x00007f070d331850
Event: 11536.503 Executing VM operation: ParallelGCFailedAllocation
Event: 11536.512 Executing VM operation: ParallelGCFailedAllocation done
Event: 11536.514 Thread 0x00007f071c183800 flushing nmethod 0x00007f070d343810
Event: 11537.513 Executing VM operation: RevokeBias
Event: 11537.514 Executing VM operation: RevokeBias done
Event: 11537.514 Thread 0x00007f06bc00a000 Thread exited: 0x00007f06bc00a000
Event: 11537.514 Thread 0x00007f06bc01f000 Thread exited: 0x00007f06bc01f000
Event: 11815.265 loading class sun/awt/X11/XDestroyWindowEvent
Event: 11815.336 loading class sun/awt/X11/XDestroyWindowEvent done


Dynamic libraries:
00400000-00401000 r-xp 00000000 08:02 4980852                            /opt/xdman/jre/bin/java
00600000-00601000 r--p 00000000 08:02 4980852                            /opt/xdman/jre/bin/java
00601000-00602000 rw-p 00001000 08:02 4980852                            /opt/xdman/jre/bin/java
00725000-00746000 rw-p 00000000 00:00 0                                  [heap]
c0000000-c2400000 rw-p 00000000 00:00 0 
c2400000-eab00000 ---p 00000000 00:00 0 
eab00000-ec200000 rw-p 00000000 00:00 0 
ec200000-100000000 ---p 00000000 00:00 0 
100000000-100220000 rw-p 00000000 00:00 0 
100220000-140000000 ---p 00000000 00:00 0 
7f0684000000-7f0684021000 rw-p 00000000 00:00 0 
7f0684021000-7f0688000000 ---p 00000000 00:00 0 
7f0688000000-7f0688021000 rw-p 00000000 00:00 0 
7f0688021000-7f068c000000 ---p 00000000 00:00 0 
7f068c000000-7f068c02a000 rw-p 00000000 00:00 0 
7f068c02a000-7f0690000000 ---p 00000000 00:00 0 
7f06932e6000-7f06932f5000 r-xp 00000000 08:02 14947112                   /lib/x86_64-linux-gnu/libnss_myhostname.so.2
7f06932f5000-7f06934f5000 ---p 0000f000 08:02 14947112                   /lib/x86_64-linux-gnu/libnss_myhostname.so.2
7f06934f5000-7f06934f8000 r--p 0000f000 08:02 14947112                   /lib/x86_64-linux-gnu/libnss_myhostname.so.2
7f06934f8000-7f06934f9000 rw-p 00012000 08:02 14947112                   /lib/x86_64-linux-gnu/libnss_myhostname.so.2
7f06934f9000-7f0693539000 rw-p 00000000 00:00 0 
7f0693539000-7f06936fc000 ---p 00000000 00:00 0 
7f06936fc000-7f06937fa000 rw-p 00000000 00:00 0 
7f06937fa000-7f06937fd000 ---p 00000000 00:00 0 
7f06937fd000-7f06938fb000 rw-p 00000000 00:00 0 
7f06938fb000-7f06938fe000 ---p 00000000 00:00 0 
7f06938fe000-7f06939fc000 rw-p 00000000 00:00 0 
7f06939fc000-7f06939ff000 ---p 00000000 00:00 0 
7f06939ff000-7f0693afd000 rw-p 00000000 00:00 0 
7f0693afd000-7f0693b00000 ---p 00000000 00:00 0 
7f0693b00000-7f0693bfe000 rw-p 00000000 00:00 0 
7f0693bfe000-7f0693c01000 ---p 00000000 00:00 0 
7f0693c01000-7f0693cff000 rw-p 00000000 00:00 0 
7f0693cff000-7f0693d02000 ---p 00000000 00:00 0 
7f0693d02000-7f0694000000 rw-p 00000000 00:00 0 
7f0694000000-7f06940a4000 rw-p 00000000 00:00 0 
7f06940a4000-7f0698000000 ---p 00000000 00:00 0 
7f0698000000-7f0698021000 rw-p 00000000 00:00 0 
7f0698021000-7f069c000000 ---p 00000000 00:00 0 
7f069c000000-7f069c104000 rw-p 00000000 00:00 0 
7f069c104000-7f06a0000000 ---p 00000000 00:00 0 
7f06a0000000-7f06a0021000 rw-p 00000000 00:00 0 
7f06a0021000-7f06a4000000 ---p 00000000 00:00 0 
7f06a4000000-7f06a402a000 rw-p 00000000 00:00 0 
7f06a402a000-7f06a8000000 ---p 00000000 00:00 0 
7f06a8000000-7f06a8021000 rw-p 00000000 00:00 0 
7f06a8021000-7f06ac000000 ---p 00000000 00:00 0 
7f06ac000000-7f06ac021000 rw-p 00000000 00:00 0 
7f06ac021000-7f06b0000000 ---p 00000000 00:00 0 
7f06b0000000-7f06b0365000 rw-p 00000000 00:00 0 
7f06b0365000-7f06b4000000 ---p 00000000 00:00 0 
7f06b4000000-7f06b4021000 rw-p 00000000 00:00 0 
7f06b4021000-7f06b8000000 ---p 00000000 00:00 0 
7f06b8000000-7f06b8021000 rw-p 00000000 00:00 0 
7f06b8021000-7f06bc000000 ---p 00000000 00:00 0 
7f06bc000000-7f06bc294000 rw-p 00000000 00:00 0 
7f06bc294000-7f06c0000000 ---p 00000000 00:00 0 
7f06c0000000-7f06c028f000 rw-p 00000000 00:00 0 
7f06c028f000-7f06c4000000 ---p 00000000 00:00 0 
7f06c4000000-7f06c4021000 rw-p 00000000 00:00 0 
7f06c4021000-7f06c8000000 ---p 00000000 00:00 0 
7f06c8004000-7f06c8007000 ---p 00000000 00:00 0 
7f06c8007000-7f06c8105000 rw-p 00000000 00:00 0 
7f06c8105000-7f06c8108000 ---p 00000000 00:00 0 
7f06c8108000-7f06c8206000 rw-p 00000000 00:00 0 
7f06c8206000-7f06c8209000 ---p 00000000 00:00 0 
7f06c8209000-7f06c8307000 rw-p 00000000 00:00 0 
7f06c8307000-7f06c830a000 ---p 00000000 00:00 0 
7f06c830a000-7f06c8408000 rw-p 00000000 00:00 0 
7f06c8408000-7f06c840b000 ---p 00000000 00:00 0 
7f06c840b000-7f06c8509000 rw-p 00000000 00:00 0 
7f06c8509000-7f06c850c000 ---p 00000000 00:00 0 
7f06c850c000-7f06c880a000 rw-p 00000000 00:00 0 
7f06c880a000-7f06c881a000 r-xp 00000000 08:02 4980905                    /opt/xdman/jre/lib/amd64/libnio.so
7f06c881a000-7f06c8a1a000 ---p 00010000 08:02 4980905                    /opt/xdman/jre/lib/amd64/libnio.so
7f06c8a1a000-7f06c8a1b000 r--p 00010000 08:02 4980905                    /opt/xdman/jre/lib/amd64/libnio.so
7f06c8a1b000-7f06c8a1c000 rw-p 00011000 08:02 4980905                    /opt/xdman/jre/lib/amd64/libnio.so
7f06c8a1c000-7f06c8a4d000 r-xp 00000000 08:02 401879                     /usr/lib/x86_64-linux-gnu/libpng16.so.16.34.0
7f06c8a4d000-7f06c8c4c000 ---p 00031000 08:02 401879                     /usr/lib/x86_64-linux-gnu/libpng16.so.16.34.0
7f06c8c4c000-7f06c8c4d000 r--p 00030000 08:02 401879                     /usr/lib/x86_64-linux-gnu/libpng16.so.16.34.0
7f06c8c4d000-7f06c8c4e000 rw-p 00031000 08:02 401879                     /usr/lib/x86_64-linux-gnu/libpng16.so.16.34.0
7f06c8c4e000-7f06c8cfb000 r-xp 00000000 08:02 401389                     /usr/lib/x86_64-linux-gnu/libfreetype.so.6.15.0
7f06c8cfb000-7f06c8efa000 ---p 000ad000 08:02 401389                     /usr/lib/x86_64-linux-gnu/libfreetype.so.6.15.0
7f06c8efa000-7f06c8f01000 r--p 000ac000 08:02 401389                     /usr/lib/x86_64-linux-gnu/libfreetype.so.6.15.0
7f06c8f01000-7f06c8f02000 rw-p 000b3000 08:02 401389                     /usr/lib/x86_64-linux-gnu/libfreetype.so.6.15.0
7f06c8f02000-7f06c8f64000 r-xp 00000000 08:02 4980934                    /opt/xdman/jre/lib/amd64/libfontmanager.so
7f06c8f64000-7f06c9163000 ---p 00062000 08:02 4980934                    /opt/xdman/jre/lib/amd64/libfontmanager.so
7f06c9163000-7f06c9166000 r--p 00061000 08:02 4980934                    /opt/xdman/jre/lib/amd64/libfontmanager.so
7f06c9166000-7f06c9167000 rw-p 00064000 08:02 4980934                    /opt/xdman/jre/lib/amd64/libfontmanager.so
7f06c9167000-7f06c9368000 rw-p 00000000 00:00 0 
7f06c9368000-7f06c936b000 ---p 00000000 00:00 0 
7f06c936b000-7f06c9469000 rw-p 00000000 00:00 0 
7f06c9469000-7f06c946c000 ---p 00000000 00:00 0 
7f06c946c000-7f06c956a000 rw-p 00000000 00:00 0 
7f06c956a000-7f06c956d000 ---p 00000000 00:00 0 
7f06c956d000-7f06c966b000 rw-p 00000000 00:00 0 
7f06c966b000-7f06c9682000 r-xp 00000000 08:02 14947151                   /lib/x86_64-linux-gnu/libresolv-2.27.so
7f06c9682000-7f06c9882000 ---p 00017000 08:02 14947151                   /lib/x86_64-linux-gnu/libresolv-2.27.so
7f06c9882000-7f06c9883000 r--p 00017000 08:02 14947151                   /lib/x86_64-linux-gnu/libresolv-2.27.so
7f06c9883000-7f06c9884000 rw-p 00018000 08:02 14947151                   /lib/x86_64-linux-gnu/libresolv-2.27.so
7f06c9884000-7f06c9886000 rw-p 00000000 00:00 0 
7f06c9886000-7f06c988b000 r-xp 00000000 08:02 14947100                   /lib/x86_64-linux-gnu/libnss_dns-2.27.so
7f06c988b000-7f06c9a8b000 ---p 00005000 08:02 14947100                   /lib/x86_64-linux-gnu/libnss_dns-2.27.so
7f06c9a8b000-7f06c9a8c000 r--p 00005000 08:02 14947100                   /lib/x86_64-linux-gnu/libnss_dns-2.27.so
7f06c9a8c000-7f06c9a8d000 rw-p 00006000 08:02 14947100                   /lib/x86_64-linux-gnu/libnss_dns-2.27.so
7f06c9a8d000-7f06c9a8f000 r-xp 00000000 08:02 14947108                   /lib/x86_64-linux-gnu/libnss_mdns4_minimal.so.2
7f06c9a8f000-7f06c9c8e000 ---p 00002000 08:02 14947108                   /lib/x86_64-linux-gnu/libnss_mdns4_minimal.so.2
7f06c9c8e000-7f06c9c8f000 r--p 00001000 08:02 14947108                   /lib/x86_64-linux-gnu/libnss_mdns4_minimal.so.2
7f06c9c8f000-7f06c9c90000 rw-p 00002000 08:02 14947108                   /lib/x86_64-linux-gnu/libnss_mdns4_minimal.so.2
7f06c9c90000-7f06c9c93000 ---p 00000000 00:00 0 
7f06c9c93000-7f06c9d91000 rw-p 00000000 00:00 0 
7f06c9d91000-7f06c9d94000 ---p 00000000 00:00 0 
7f06c9d94000-7f06ca092000 rw-p 00000000 00:00 0 
7f06ca092000-7f06ca0a9000 r-xp 00000000 08:02 14942214                   /lib/x86_64-linux-gnu/libgcc_s.so.1
7f06ca0a9000-7f06ca2a8000 ---p 00017000 08:02 14942214                   /lib/x86_64-linux-gnu/libgcc_s.so.1
7f06ca2a8000-7f06ca2a9000 r--p 00016000 08:02 14942214                   /lib/x86_64-linux-gnu/libgcc_s.so.1
7f06ca2a9000-7f06ca2aa000 rw-p 00017000 08:02 14942214                   /lib/x86_64-linux-gnu/libgcc_s.so.1
7f06ca2aa000-7f06ca2e2000 r-xp 00000000 08:02 4980932                    /opt/xdman/jre/lib/amd64/libsunec.so
7f06ca2e2000-7f06ca4e1000 ---p 00038000 08:02 4980932                    /opt/xdman/jre/lib/amd64/libsunec.so
7f06ca4e1000-7f06ca4e6000 r--p 00037000 08:02 4980932                    /opt/xdman/jre/lib/amd64/libsunec.so
7f06ca4e6000-7f06ca4e8000 rw-p 0003c000 08:02 4980932                    /opt/xdman/jre/lib/amd64/libsunec.so
7f06ca4e8000-7f06ca4eb000 ---p 00000000 00:00 0 
7f06ca4eb000-7f06ca5e9000 rw-p 00000000 00:00 0 
7f06ca5e9000-7f06ca5ee000 r-xp 00000000 08:02 401024                     /usr/lib/x86_64-linux-gnu/libXfixes.so.3.1.0
7f06ca5ee000-7f06ca7ed000 ---p 00005000 08:02 401024                     /usr/lib/x86_64-linux-gnu/libXfixes.so.3.1.0
7f06ca7ed000-7f06ca7ee000 r--p 00004000 08:02 401024                     /usr/lib/x86_64-linux-gnu/libXfixes.so.3.1.0
7f06ca7ee000-7f06ca7ef000 rw-p 00005000 08:02 401024                     /usr/lib/x86_64-linux-gnu/libXfixes.so.3.1.0
7f06ca7ef000-7f06ca7f8000 r-xp 00000000 08:02 401016                     /usr/lib/x86_64-linux-gnu/libXcursor.so.1.0.2
7f06ca7f8000-7f06ca9f7000 ---p 00009000 08:02 401016                     /usr/lib/x86_64-linux-gnu/libXcursor.so.1.0.2
7f06ca9f7000-7f06ca9f8000 r--p 00008000 08:02 401016                     /usr/lib/x86_64-linux-gnu/libXcursor.so.1.0.2
7f06ca9f8000-7f06ca9f9000 rw-p 00009000 08:02 401016                     /usr/lib/x86_64-linux-gnu/libXcursor.so.1.0.2
7f06ca9f9000-7f06caa0c000 r-xp 00000000 08:02 14947008                   /lib/x86_64-linux-gnu/libbsd.so.0.8.7
7f06caa0c000-7f06cac0b000 ---p 00013000 08:02 14947008                   /lib/x86_64-linux-gnu/libbsd.so.0.8.7
7f06cac0b000-7f06cac0c000 r--p 00012000 08:02 14947008                   /lib/x86_64-linux-gnu/libbsd.so.0.8.7
7f06cac0c000-7f06cac0d000 rw-p 00013000 08:02 14947008                   /lib/x86_64-linux-gnu/libbsd.so.0.8.7
7f06cac0d000-7f06cac0e000 rw-p 00000000 00:00 0 
7f06cac0e000-7f06cac13000 r-xp 00000000 08:02 401020                     /usr/lib/x86_64-linux-gnu/libXdmcp.so.6.0.0
7f06cac13000-7f06cae12000 ---p 00005000 08:02 401020                     /usr/lib/x86_64-linux-gnu/libXdmcp.so.6.0.0
7f06cae12000-7f06cae13000 r--p 00004000 08:02 401020                     /usr/lib/x86_64-linux-gnu/libXdmcp.so.6.0.0
7f06cae13000-7f06cae14000 rw-p 00005000 08:02 401020                     /usr/lib/x86_64-linux-gnu/libXdmcp.so.6.0.0
7f06cae14000-7f06cae16000 r-xp 00000000 08:02 401009                     /usr/lib/x86_64-linux-gnu/libXau.so.6.0.0
7f06cae16000-7f06cb016000 ---p 00002000 08:02 401009                     /usr/lib/x86_64-linux-gnu/libXau.so.6.0.0
7f06cb016000-7f06cb017000 r--p 00002000 08:02 401009                     /usr/lib/x86_64-linux-gnu/libXau.so.6.0.0
7f06cb017000-7f06cb018000 rw-p 00003000 08:02 401009                     /usr/lib/x86_64-linux-gnu/libXau.so.6.0.0
7f06cb018000-7f06cb03e000 r-xp 00000000 08:02 402222                     /usr/lib/x86_64-linux-gnu/libxcb.so.1.1.0 (deleted)
7f06cb03e000-7f06cb23e000 ---p 00026000 08:02 402222                     /usr/lib/x86_64-linux-gnu/libxcb.so.1.1.0 (deleted)
7f06cb23e000-7f06cb23f000 r--p 00026000 08:02 402222                     /usr/lib/x86_64-linux-gnu/libxcb.so.1.1.0 (deleted)
7f06cb23f000-7f06cb240000 rw-p 00027000 08:02 402222                     /usr/lib/x86_64-linux-gnu/libxcb.so.1.1.0 (deleted)
7f06cb240000-7f06cb24f000 r-xp 00000000 08:02 401030                     /usr/lib/x86_64-linux-gnu/libXi.so.6.1.0
7f06cb24f000-7f06cb44e000 ---p 0000f000 08:02 401030                     /usr/lib/x86_64-linux-gnu/libXi.so.6.1.0
7f06cb44e000-7f06cb44f000 r--p 0000e000 08:02 401030                     /usr/lib/x86_64-linux-gnu/libXi.so.6.1.0
7f06cb44f000-7f06cb450000 rw-p 0000f000 08:02 401030                     /usr/lib/x86_64-linux-gnu/libXi.so.6.1.0
7f06cb450000-7f06cb455000 r-xp 00000000 08:02 401048                     /usr/lib/x86_64-linux-gnu/libXtst.so.6.1.0
7f06cb455000-7f06cb654000 ---p 00005000 08:02 401048                     /usr/lib/x86_64-linux-gnu/libXtst.so.6.1.0
7f06cb654000-7f06cb655000 r--p 00004000 08:02 401048                     /usr/lib/x86_64-linux-gnu/libXtst.so.6.1.0
7f06cb655000-7f06cb656000 rw-p 00005000 08:02 401048                     /usr/lib/x86_64-linux-gnu/libXtst.so.6.1.0
7f06cb656000-7f06cb65f000 r-xp 00000000 08:02 401042                     /usr/lib/x86_64-linux-gnu/libXrender.so.1.3.0
7f06cb65f000-7f06cb85e000 ---p 00009000 08:02 401042                     /usr/lib/x86_64-linux-gnu/libXrender.so.1.3.0
7f06cb85e000-7f06cb85f000 r--p 00008000 08:02 401042                     /usr/lib/x86_64-linux-gnu/libXrender.so.1.3.0
7f06cb85f000-7f06cb860000 rw-p 00009000 08:02 401042                     /usr/lib/x86_64-linux-gnu/libXrender.so.1.3.0
7f06cb860000-7f06cb993000 r-xp 00000000 08:02 401005                     /usr/lib/x86_64-linux-gnu/libX11.so.6.3.0 (deleted)
7f06cb993000-7f06cbb93000 ---p 00133000 08:02 401005                     /usr/lib/x86_64-linux-gnu/libX11.so.6.3.0 (deleted)
7f06cbb93000-7f06cbb94000 r--p 00133000 08:02 401005                     /usr/lib/x86_64-linux-gnu/libX11.so.6.3.0 (deleted)
7f06cbb94000-7f06cbb98000 rw-p 00134000 08:02 401005                     /usr/lib/x86_64-linux-gnu/libX11.so.6.3.0 (deleted)
7f06cbb98000-7f06cbba9000 r-xp 00000000 08:02 401022                     /usr/lib/x86_64-linux-gnu/libXext.so.6.4.0
7f06cbba9000-7f06cbda8000 ---p 00011000 08:02 401022                     /usr/lib/x86_64-linux-gnu/libXext.so.6.4.0
7f06cbda8000-7f06cbda9000 r--p 00010000 08:02 401022                     /usr/lib/x86_64-linux-gnu/libXext.so.6.4.0
7f06cbda9000-7f06cbdaa000 rw-p 00011000 08:02 401022                     /usr/lib/x86_64-linux-gnu/libXext.so.6.4.0
7f06cbdaa000-7f06cbdfb000 r-xp 00000000 08:02 4980914                    /opt/xdman/jre/lib/amd64/libawt_xawt.so
7f06cbdfb000-7f06cbffb000 ---p 00051000 08:02 4980914                    /opt/xdman/jre/lib/amd64/libawt_xawt.so
7f06cbffb000-7f06cbffc000 r--p 00051000 08:02 4980914                    /opt/xdman/jre/lib/amd64/libawt_xawt.so
7f06cbffc000-7f06cbfff000 rw-p 00052000 08:02 4980914                    /opt/xdman/jre/lib/amd64/libawt_xawt.so
7f06cbfff000-7f06cc000000 rw-p 00000000 00:00 0 
7f06cc000000-7f06cc021000 rw-p 00000000 00:00 0 
7f06cc021000-7f06d0000000 ---p 00000000 00:00 0 
7f06d0000000-7f06d0422000 rw-p 00000000 00:00 0 
7f06d0422000-7f06d4000000 ---p 00000000 00:00 0 
7f06d4000000-7f06d44ac000 rw-p 00000000 00:00 0 
7f06d44ac000-7f06d8000000 ---p 00000000 00:00 0 
7f06d8000000-7f06d8021000 rw-p 00000000 00:00 0 
7f06d8021000-7f06dc000000 ---p 00000000 00:00 0 
7f06dc000000-7f06dc73d000 rw-p 00000000 00:00 0 
7f06dc73d000-7f06e0000000 ---p 00000000 00:00 0 
7f06e0000000-7f06e04e4000 rw-p 00000000 00:00 0 
7f06e04e4000-7f06e4000000 ---p 00000000 00:00 0 
7f06e4000000-7f06e4021000 rw-p 00000000 00:00 0 
7f06e4021000-7f06e8000000 ---p 00000000 00:00 0 
7f06e804a000-7f06e804d000 ---p 00000000 00:00 0 
7f06e804d000-7f06e814b000 rw-p 00000000 00:00 0 
7f06e814b000-7f06e81e9000 r-xp 00000000 08:02 4980909                    /opt/xdman/jre/lib/amd64/libawt.so
7f06e81e9000-7f06e83e8000 ---p 0009e000 08:02 4980909                    /opt/xdman/jre/lib/amd64/libawt.so
7f06e83e8000-7f06e83e9000 r--p 0009d000 08:02 4980909                    /opt/xdman/jre/lib/amd64/libawt.so
7f06e83e9000-7f06e83f4000 rw-p 0009e000 08:02 4980909                    /opt/xdman/jre/lib/amd64/libawt.so
7f06e83f4000-7f06eb41a000 rw-p 00000000 00:00 0 
7f06eb41a000-7f06eb430000 r-xp 00000000 08:02 4980916                    /opt/xdman/jre/lib/amd64/libnet.so
7f06eb430000-7f06eb62f000 ---p 00016000 08:02 4980916                    /opt/xdman/jre/lib/amd64/libnet.so
7f06eb62f000-7f06eb630000 r--p 00015000 08:02 4980916                    /opt/xdman/jre/lib/amd64/libnet.so
7f06eb630000-7f06eb631000 rw-p 00016000 08:02 4980916                    /opt/xdman/jre/lib/amd64/libnet.so
7f06eb631000-7f06ec000000 r--p 00000000 08:02 399983                     /usr/lib/locale/locale-archive
7f06ec000000-7f06ec021000 rw-p 00000000 00:00 0 
7f06ec021000-7f06f0000000 ---p 00000000 00:00 0 
7f06f0000000-7f06f0021000 rw-p 00000000 00:00 0 
7f06f0021000-7f06f4000000 ---p 00000000 00:00 0 
7f06f4000000-7f06f4021000 rw-p 00000000 00:00 0 
7f06f4021000-7f06f8000000 ---p 00000000 00:00 0 
7f06f8000000-7f06f8021000 rw-p 00000000 00:00 0 
7f06f8021000-7f06fc000000 ---p 00000000 00:00 0 
7f06fc000000-7f06fc021000 rw-p 00000000 00:00 0 
7f06fc021000-7f0700000000 ---p 00000000 00:00 0 
7f0700000000-7f0700021000 rw-p 00000000 00:00 0 
7f0700021000-7f0704000000 ---p 00000000 00:00 0 
7f0704000000-7f0704021000 rw-p 00000000 00:00 0 
7f0704021000-7f0708000000 ---p 00000000 00:00 0 
7f070802e000-7f0708033000 rw-s 00000000 00:05 3080202                    /SYSV00000000 (deleted)
7f0708033000-7f0708036000 ---p 00000000 00:00 0 
7f0708036000-7f070806c000 rw-p 00000000 00:00 0 
7f070806c000-7f0708071000 r--s 0003b000 08:02 4980953                    /opt/xdman/jre/lib/ext/sunjce_provider.jar
7f07080d5000-7f07080e0000 r--s 00000000 08:02 2889860                    /var/cache/fontconfig/945677eb7aeaf62f1d50efc3fb3ec7d8-le64.cache-7
7f07080e0000-7f07080e5000 r--s 00000000 08:02 2889831                    /var/cache/fontconfig/2300eef321c393bfd76478a5c0e95b23-le64.cache-7
7f07080e5000-7f07080e6000 r--s 00000000 08:02 2889824                    /var/cache/fontconfig/0d8c3b2ac0904cb8a57a757ad11a4a08-le64.cache-7
7f07080e6000-7f07080fb000 r--s 00000000 08:02 2889820                    /var/cache/fontconfig/04aabc0a78ac019cf9454389977116d2-le64.cache-7
7f07080fb000-7f07080fc000 r--s 00000000 08:02 2889828                    /var/cache/fontconfig/1ac9eb803944fde146138c791f5cc56a-le64.cache-7
7f07080fc000-7f07080fe000 r--s 00000000 08:02 2889825                    /var/cache/fontconfig/14a5e22175779b556eaa434240950366-le64.cache-7
7f07080fe000-7f0708101000 ---p 00000000 00:00 0 
7f0708101000-7f07081ff000 rw-p 00000000 00:00 0 
7f07081ff000-7f0708202000 ---p 00000000 00:00 0 
7f0708202000-7f0708300000 rw-p 00000000 00:00 0 
7f0708300000-7f0708301000 ---p 00000000 00:00 0 
7f0708301000-7f0708401000 rw-p 00000000 00:00 0 
7f0708401000-7f0708404000 ---p 00000000 00:00 0 
7f0708404000-7f0708502000 rw-p 00000000 00:00 0 
7f0708502000-7f0708503000 ---p 00000000 00:00 0 
7f0708503000-7f0708506000 ---p 00000000 00:00 0 
7f0708506000-7f0708603000 rw-p 00000000 00:00 0 
7f0708603000-7f0708604000 ---p 00000000 00:00 0 
7f0708604000-7f0708607000 ---p 00000000 00:00 0 
7f0708607000-7f0708704000 rw-p 00000000 00:00 0 
7f0708704000-7f0708705000 ---p 00000000 00:00 0 
7f0708705000-7f0708708000 ---p 00000000 00:00 0 
7f0708708000-7f0708805000 rw-p 00000000 00:00 0 
7f0708805000-7f0708808000 ---p 00000000 00:00 0 
7f0708808000-7f0708906000 rw-p 00000000 00:00 0 
7f0708906000-7f0708909000 ---p 00000000 00:00 0 
7f0708909000-7f0708a07000 rw-p 00000000 00:00 0 
7f0708a07000-7f0708a0a000 ---p 00000000 00:00 0 
7f0708a0a000-7f0708b08000 rw-p 00000000 00:00 0 
7f0708b08000-7f0708b09000 ---p 00000000 00:00 0 
7f0708b09000-7f0709b18000 rw-p 00000000 00:00 0 
7f0709b18000-7f0709ce6000 r--s 03bce000 08:02 4980968                    /opt/xdman/jre/lib/rt.jar
7f0709ce6000-7f070c6e6000 rw-p 00000000 00:00 0 
7f070c6e6000-7f070c6e7000 ---p 00000000 00:00 0 
7f070c6e7000-7f070c7e7000 rw-p 00000000 00:00 0 
7f070c7e7000-7f070c7e8000 ---p 00000000 00:00 0 
7f070c7e8000-7f070c8e8000 rw-p 00000000 00:00 0 
7f070c8e8000-7f070c8e9000 ---p 00000000 00:00 0 
7f070c8e9000-7f070c9e9000 rw-p 00000000 00:00 0 
7f070c9e9000-7f070c9ea000 ---p 00000000 00:00 0 
7f070c9ea000-7f070cafc000 rw-p 00000000 00:00 0 
7f070cafc000-7f070cc40000 ---p 00000000 00:00 0 
7f070cc40000-7f070cc5b000 rw-p 00000000 00:00 0 
7f070cc5b000-7f070d000000 ---p 00000000 00:00 0 
7f070d000000-7f070d6b0000 rwxp 00000000 00:00 0 
7f070d6b0000-7f071c000000 ---p 00000000 00:00 0 
7f071c000000-7f071c200000 rw-p 00000000 00:00 0 
7f071c200000-7f0720000000 ---p 00000000 00:00 0 
7f0720000000-7f0720001000 r--s 00000000 08:02 2889879                    /var/cache/fontconfig/dc05db6664285cc2f12bf69c139ae4c3-le64.cache-7
7f0720001000-7f0720002000 r--s 00000000 08:02 2889852                    /var/cache/fontconfig/660208299946a285a940457d1287da33-le64.cache-7
7f0720002000-7f0720004000 r--s 00000000 08:02 2889843                    /var/cache/fontconfig/4f3e3037c9980c83b53a9351efadef62-le64.cache-7
7f0720004000-7f0720006000 r--s 00000000 08:02 2889857                    /var/cache/fontconfig/767a8244fc0220cfb567a839d0392e0b-le64.cache-7
7f0720006000-7f0720007000 r--s 00000000 08:02 2889838                    /var/cache/fontconfig/4794a0821666d79190d59a36cb4f44b5-le64.cache-7
7f0720007000-7f0720009000 r--s 00000000 08:02 2889822                    /var/cache/fontconfig/0bd3dc0958fa2205aaaa8ebb13e2872b-le64.cache-7
7f0720009000-7f072000e000 r--s 00000000 08:02 2889880                    /var/cache/fontconfig/def309198bfa603429122923fa2bb2d4-le64.cache-7
7f072000e000-7f072000f000 r--s 00000000 08:02 2889868                    /var/cache/fontconfig/b872e6e592da6075ffa4ab0a1fcc0c75-le64.cache-7
7f072000f000-7f0720010000 r--s 00000000 08:02 2889885                    /var/cache/fontconfig/f6d4eedfaab2589bde49f7a3ff831d22-le64.cache-7
7f0720010000-7f0720011000 r--s 00000000 08:02 2889850                    /var/cache/fontconfig/589f83ef4c36d296ce6e1c846f468f08-le64.cache-7
7f0720011000-7f0720012000 r--s 00000000 08:02 2889870                    /var/cache/fontconfig/bab58bb527bb656aaa9f116d68a48d89-le64.cache-7
7f0720012000-7f0720013000 r--s 00000000 08:02 2889829                    /var/cache/fontconfig/2171a34dccabdb6bcbbc728186263178-le64.cache-7
7f0720013000-7f0720014000 r--s 00000000 08:02 2889871                    /var/cache/fontconfig/c5c45a61289222e0d30b1a26ef4effbe-le64.cache-7
7f0720014000-7f0720015000 r--s 00000000 08:02 2889866                    /var/cache/fontconfig/aec30016f93e1b46d1a973dce0d74068-le64.cache-7
7f0720015000-7f0720016000 r--s 00000000 08:02 2889836                    /var/cache/fontconfig/3f589640d34b7dc9042c8d453f7c8b9c-le64.cache-7
7f0720016000-7f0720017000 r--s 00000000 08:02 2889826                    /var/cache/fontconfig/16c2fda60d1b4b719f4b3d06fd951d25-le64.cache-7
7f0720017000-7f0720018000 r--s 00000000 08:02 2889865                    /var/cache/fontconfig/a48eab177a16e4f3713381162db2f3e9-le64.cache-7
7f0720018000-7f0720019000 r--s 00000000 08:02 2889846                    /var/cache/fontconfig/564b2e68ac9bc4e36a6f7f6d6125ec1c-le64.cache-7
7f0720019000-7f072001e000 r--s 00000000 08:02 2889863                    /var/cache/fontconfig/9d2451b1fd30e5bffe8383fd27c35478-le64.cache-7
7f072001e000-7f0720024000 r--s 00000000 08:02 2889832                    /var/cache/fontconfig/3047814df9a2f067bd2d96a2b9c36e5a-le64.cache-7
7f0720024000-7f0720025000 r--s 00000000 08:02 2889847                    /var/cache/fontconfig/56cf4f4769d0f4abc89a4895d7bd3ae1-le64.cache-7
7f0720025000-7f0720026000 r--s 00000000 08:02 2889869                    /var/cache/fontconfig/b9d506c9ac06c20b433354fa67a72993-le64.cache-7
7f0720026000-7f072002c000 r--s 00000000 08:02 2889867                    /var/cache/fontconfig/b47c4e1ecd0709278f4910c18777a504-le64.cache-7
7f072002c000-7f072003f000 r--s 00000000 08:02 2889876                    /var/cache/fontconfig/d52a8644073d54c13679302ca1180695-le64.cache-7
7f072003f000-7f0720040000 r--s 00000000 08:02 2889834                    /var/cache/fontconfig/370e5b74bf5dafc30834de68e24a87a4-le64.cache-7
7f0720040000-7f0720041000 r--s 00000000 08:02 2889855                    /var/cache/fontconfig/6b2c5944714ca7831b25bed9e85cb5c8-le64.cache-7
7f0720041000-7f0720042000 r--s 00000000 08:02 2889875                    /var/cache/fontconfig/d5178ab6d91b49bf20a416737dcea9e8-le64.cache-7
7f0720042000-7f0720043000 r--s 00000000 08:02 2889845                    /var/cache/fontconfig/551ecf3b0e8b0bca0f25c0944f561853-le64.cache-7
7f0720043000-7f0720046000 r--s 00000000 08:02 2889884                    /var/cache/fontconfig/f259c2cffa685e28062317905db73c4a-le64.cache-7
7f0720046000-7f0720048000 r--s 00000000 08:02 2889844                    /var/cache/fontconfig/550f3886151c940c12a5ed35f6a00586-le64.cache-7
7f0720048000-7f072004b000 r--s 00000000 08:02 2889853                    /var/cache/fontconfig/674d1711f2d1d2a09646eb0bdcadee49-le64.cache-7
7f072004b000-7f072004c000 r--s 00000000 08:02 2889837                    /var/cache/fontconfig/3f7329c5293ffd510edef78f73874cfd-le64.cache-7
7f072004c000-7f0720050000 r--s 00000000 08:02 2889877                    /var/cache/fontconfig/d589a48862398ed80a3d6066f4f56f4c-le64.cache-7 (deleted)
7f0720050000-7f0720051000 r--s 00000000 08:02 2889823                    /var/cache/fontconfig/0c9eb80ebd1c36541ebe2852d3bb0c49-le64.cache-7
7f0720051000-7f0720052000 r--s 00000000 08:02 2889830                    /var/cache/fontconfig/22368d551a680bfe5a62c02760edf4ea-le64.cache-7
7f0720052000-7f0720053000 r--s 00000000 08:02 2889842                    /var/cache/fontconfig/4d9c95eba1cb85bbcf2878543262124a-le64.cache-7
7f0720053000-7f0720054000 r--s 00000000 08:02 2889859                    /var/cache/fontconfig/85e0a52ce643a7ba2ae53e5d6949cead-le64.cache-7
7f0720054000-7f0720055000 r--s 00000000 08:02 2889839                    /var/cache/fontconfig/49f0de54bdd920fe4f0dfd4cbac43e6b-le64.cache-7
7f0720055000-7f0720063000 r--s 00000000 08:02 2889862                    /var/cache/fontconfig/9b89f8e3dae116d678bbf48e5f21f69b-le64.cache-7
7f0720063000-7f0720065000 r--s 00000000 08:02 2889854                    /var/cache/fontconfig/6afa1bb216ce958c1589e297e8008489-le64.cache-7
7f0720065000-7f0720068000 r--s 00000000 08:02 2889881                    /var/cache/fontconfig/e13b20fdb08344e0e664864cc2ede53d-le64.cache-7
7f0720068000-7f072006d000 r--s 0009a000 08:02 4980862                    /opt/xdman/jre/lib/jsse.jar
7f072006d000-7f0720080000 r--s 00346000 08:02 4980874                    /opt/xdman/jre/lib/resources.jar
7f0720080000-7f0720092000 r--s 00159000 08:02 4980964                    /opt/xdman/xdman.jar
7f0720092000-7f07200f2000 rw-p 00000000 00:00 0 
7f07200f2000-7f0720235000 ---p 00000000 00:00 0 
7f0720235000-7f0720241000 rw-p 00000000 00:00 0 
7f0720241000-7f07202e0000 ---p 00000000 00:00 0 
7f07202e0000-7f07202e1000 rw-p 00000000 00:00 0 
7f07202e1000-7f07202e9000 r-xp 00000000 08:02 4980913                    /opt/xdman/jre/lib/amd64/libzip.so
7f07202e9000-7f07204e8000 ---p 00008000 08:02 4980913                    /opt/xdman/jre/lib/amd64/libzip.so
7f07204e8000-7f07204e9000 r--p 00007000 08:02 4980913                    /opt/xdman/jre/lib/amd64/libzip.so
7f07204e9000-7f07204ea000 rw-p 00008000 08:02 4980913                    /opt/xdman/jre/lib/amd64/libzip.so
7f07204ea000-7f07204f5000 r-xp 00000000 08:02 14947102                   /lib/x86_64-linux-gnu/libnss_files-2.27.so
7f07204f5000-7f07206f4000 ---p 0000b000 08:02 14947102                   /lib/x86_64-linux-gnu/libnss_files-2.27.so
7f07206f4000-7f07206f5000 r--p 0000a000 08:02 14947102                   /lib/x86_64-linux-gnu/libnss_files-2.27.so
7f07206f5000-7f07206f6000 rw-p 0000b000 08:02 14947102                   /lib/x86_64-linux-gnu/libnss_files-2.27.so
7f07206f6000-7f07206fc000 rw-p 00000000 00:00 0 
7f07206fc000-7f0720713000 r-xp 00000000 08:02 14947096                   /lib/x86_64-linux-gnu/libnsl-2.27.so
7f0720713000-7f0720912000 ---p 00017000 08:02 14947096                   /lib/x86_64-linux-gnu/libnsl-2.27.so
7f0720912000-7f0720913000 r--p 00016000 08:02 14947096                   /lib/x86_64-linux-gnu/libnsl-2.27.so
7f0720913000-7f0720914000 rw-p 00017000 08:02 14947096                   /lib/x86_64-linux-gnu/libnsl-2.27.so
7f0720914000-7f0720916000 rw-p 00000000 00:00 0 
7f0720916000-7f0720921000 r-xp 00000000 08:02 14947113                   /lib/x86_64-linux-gnu/libnss_nis-2.27.so
7f0720921000-7f0720b20000 ---p 0000b000 08:02 14947113                   /lib/x86_64-linux-gnu/libnss_nis-2.27.so
7f0720b20000-7f0720b21000 r--p 0000a000 08:02 14947113                   /lib/x86_64-linux-gnu/libnss_nis-2.27.so
7f0720b21000-7f0720b22000 rw-p 0000b000 08:02 14947113                   /lib/x86_64-linux-gnu/libnss_nis-2.27.so
7f0720b22000-7f0720b2a000 r-xp 00000000 08:02 14947098                   /lib/x86_64-linux-gnu/libnss_compat-2.27.so
7f0720b2a000-7f0720d2a000 ---p 00008000 08:02 14947098                   /lib/x86_64-linux-gnu/libnss_compat-2.27.so
7f0720d2a000-7f0720d2b000 r--p 00008000 08:02 14947098                   /lib/x86_64-linux-gnu/libnss_compat-2.27.so
7f0720d2b000-7f0720d2c000 rw-p 00009000 08:02 14947098                   /lib/x86_64-linux-gnu/libnss_compat-2.27.so
7f0720d2c000-7f0720d58000 r-xp 00000000 08:02 4980918                    /opt/xdman/jre/lib/amd64/libjava.so
7f0720d58000-7f0720f57000 ---p 0002c000 08:02 4980918                    /opt/xdman/jre/lib/amd64/libjava.so
7f0720f57000-7f0720f58000 r--p 0002b000 08:02 4980918                    /opt/xdman/jre/lib/amd64/libjava.so
7f0720f58000-7f0720f5a000 rw-p 0002c000 08:02 4980918                    /opt/xdman/jre/lib/amd64/libjava.so
7f0720f5a000-7f0720f67000 r-xp 00000000 08:02 4980912                    /opt/xdman/jre/lib/amd64/libverify.so
7f0720f67000-7f0721166000 ---p 0000d000 08:02 4980912                    /opt/xdman/jre/lib/amd64/libverify.so
7f0721166000-7f0721168000 r--p 0000c000 08:02 4980912                    /opt/xdman/jre/lib/amd64/libverify.so
7f0721168000-7f0721169000 rw-p 0000e000 08:02 4980912                    /opt/xdman/jre/lib/amd64/libverify.so
7f0721169000-7f0721170000 r-xp 00000000 08:02 14947153                   /lib/x86_64-linux-gnu/librt-2.27.so
7f0721170000-7f072136f000 ---p 00007000 08:02 14947153                   /lib/x86_64-linux-gnu/librt-2.27.so
7f072136f000-7f0721370000 r--p 00006000 08:02 14947153                   /lib/x86_64-linux-gnu/librt-2.27.so
7f0721370000-7f0721371000 rw-p 00007000 08:02 14947153                   /lib/x86_64-linux-gnu/librt-2.27.so
7f0721371000-7f072150e000 r-xp 00000000 08:02 14947075                   /lib/x86_64-linux-gnu/libm-2.27.so
7f072150e000-7f072170d000 ---p 0019d000 08:02 14947075                   /lib/x86_64-linux-gnu/libm-2.27.so
7f072170d000-7f072170e000 r--p 0019c000 08:02 14947075                   /lib/x86_64-linux-gnu/libm-2.27.so
7f072170e000-7f072170f000 rw-p 0019d000 08:02 14947075                   /lib/x86_64-linux-gnu/libm-2.27.so
7f072170f000-7f0722379000 r-xp 00000000 08:02 4980936                    /opt/xdman/jre/lib/amd64/server/libjvm.so
7f0722379000-7f0722579000 ---p 00c6a000 08:02 4980936                    /opt/xdman/jre/lib/amd64/server/libjvm.so
7f0722579000-7f072260d000 r--p 00c6a000 08:02 4980936                    /opt/xdman/jre/lib/amd64/server/libjvm.so
7f072260d000-7f0722635000 rw-p 00cfe000 08:02 4980936                    /opt/xdman/jre/lib/amd64/server/libjvm.so
7f0722635000-7f0722666000 rw-p 00000000 00:00 0 
7f0722666000-7f072284d000 r-xp 00000000 08:02 14947012                   /lib/x86_64-linux-gnu/libc-2.27.so
7f072284d000-7f0722a4d000 ---p 001e7000 08:02 14947012                   /lib/x86_64-linux-gnu/libc-2.27.so
7f0722a4d000-7f0722a51000 r--p 001e7000 08:02 14947012                   /lib/x86_64-linux-gnu/libc-2.27.so
7f0722a51000-7f0722a53000 rw-p 001eb000 08:02 14947012                   /lib/x86_64-linux-gnu/libc-2.27.so
7f0722a53000-7f0722a57000 rw-p 00000000 00:00 0 
7f0722a57000-7f0722a5a000 r-xp 00000000 08:02 14947035                   /lib/x86_64-linux-gnu/libdl-2.27.so
7f0722a5a000-7f0722c59000 ---p 00003000 08:02 14947035                   /lib/x86_64-linux-gnu/libdl-2.27.so
7f0722c59000-7f0722c5a000 r--p 00002000 08:02 14947035                   /lib/x86_64-linux-gnu/libdl-2.27.so
7f0722c5a000-7f0722c5b000 rw-p 00003000 08:02 14947035                   /lib/x86_64-linux-gnu/libdl-2.27.so
7f0722c5b000-7f0722c68000 r-xp 00000000 08:02 4980927                    /opt/xdman/jre/lib/amd64/jli/libjli.so
7f0722c68000-7f0722e67000 ---p 0000d000 08:02 4980927                    /opt/xdman/jre/lib/amd64/jli/libjli.so
7f0722e67000-7f0722e68000 r--p 0000c000 08:02 4980927                    /opt/xdman/jre/lib/amd64/jli/libjli.so
7f0722e68000-7f0722e69000 rw-p 0000d000 08:02 4980927                    /opt/xdman/jre/lib/amd64/jli/libjli.so
7f0722e69000-7f0722e85000 r-xp 00000000 08:02 14947184                   /lib/x86_64-linux-gnu/libz.so.1.2.11
7f0722e85000-7f0723084000 ---p 0001c000 08:02 14947184                   /lib/x86_64-linux-gnu/libz.so.1.2.11
7f0723084000-7f0723085000 r--p 0001b000 08:02 14947184                   /lib/x86_64-linux-gnu/libz.so.1.2.11
7f0723085000-7f0723086000 rw-p 0001c000 08:02 14947184                   /lib/x86_64-linux-gnu/libz.so.1.2.11
7f0723086000-7f07230a0000 r-xp 00000000 08:02 14947145                   /lib/x86_64-linux-gnu/libpthread-2.27.so
7f07230a0000-7f072329f000 ---p 0001a000 08:02 14947145                   /lib/x86_64-linux-gnu/libpthread-2.27.so
7f072329f000-7f07232a0000 r--p 00019000 08:02 14947145                   /lib/x86_64-linux-gnu/libpthread-2.27.so
7f07232a0000-7f07232a1000 rw-p 0001a000 08:02 14947145                   /lib/x86_64-linux-gnu/libpthread-2.27.so
7f07232a1000-7f07232a5000 rw-p 00000000 00:00 0 
7f07232a5000-7f07232cc000 r-xp 00000000 08:02 14946984                   /lib/x86_64-linux-gnu/ld-2.27.so
7f07232cc000-7f07232cd000 r--s 00000000 08:02 2889886                    /var/cache/fontconfig/f6e6e0a5c3d2f6ae0c0c2e0ecd42a997-le64.cache-7
7f07232cd000-7f07232cf000 r--s 00008000 08:02 4980951                    /opt/xdman/jre/lib/ext/sunec.jar
7f07232cf000-7f07233b4000 rw-p 00000000 00:00 0 
7f07233b4000-7f07233b5000 ---p 00000000 00:00 0 
7f07233b5000-7f07233b8000 ---p 00000000 00:00 0 
7f07233b8000-7f07234b9000 rw-p 00000000 00:00 0 
7f07234b9000-7f07234ba000 r--s 00000000 08:02 2889840                    /var/cache/fontconfig/4b2eda6bb976bda485cb2176619421d5-le64.cache-7
7f07234ba000-7f07234bd000 r--s 00015000 08:02 4980946                    /opt/xdman/jre/lib/jce.jar
7f07234bd000-7f07234c2000 r--s 002f8000 08:02 4980837                    /opt/xdman/jre/lib/charsets.jar
7f07234c2000-7f07234ca000 rw-s 00000000 08:02 23199778                   /tmp/hsperfdata_shivam/1666
7f07234ca000-7f07234cb000 rw-p 00000000 00:00 0 
7f07234cb000-7f07234cc000 r--p 00000000 00:00 0 
7f07234cc000-7f07234cd000 r--p 00027000 08:02 14946984                   /lib/x86_64-linux-gnu/ld-2.27.so
7f07234cd000-7f07234ce000 rw-p 00028000 08:02 14946984                   /lib/x86_64-linux-gnu/ld-2.27.so
7f07234ce000-7f07234cf000 rw-p 00000000 00:00 0 
7ffcd8cd8000-7ffcd8cf9000 rw-p 00000000 00:00 0                          [stack]
7ffcd8d79000-7ffcd8d7c000 r--p 00000000 00:00 0                          [vvar]
7ffcd8d7c000-7ffcd8d7e000 r-xp 00000000 00:00 0                          [vdso]
ffffffffff600000-ffffffffff601000 r-xp 00000000 00:00 0                  [vsyscall]

VM Arguments:
jvm_args: -Xmx1024m 
java_command: /opt/xdman/xdman.jar -m
java_class_path (initial): /opt/xdman/xdman.jar
Launcher Type: SUN_STANDARD

Environment Variables:
PATH=/usr/local/sbin:/usr/local/bin:/usr/sbin:/usr/bin:/sbin:/bin:/usr/games:/usr/local/games:/snap/bin
USERNAME=shivam
SHELL=/bin/bash
DISPLAY=:0

Signal Handlers:
SIGSEGV: [libjvm.so+0xa6c220], sa_mask[0]=11111111011111111101111111111110, sa_flags=SA_RESTART|SA_SIGINFO
SIGBUS: [libjvm.so+0xa6c220], sa_mask[0]=11111111011111111101111111111110, sa_flags=SA_RESTART|SA_SIGINFO
SIGFPE: [libjvm.so+0x8ad240], sa_mask[0]=11111111011111111101111111111110, sa_flags=SA_RESTART|SA_SIGINFO
SIGPIPE: [libjvm.so+0x8ad240], sa_mask[0]=11111111011111111101111111111110, sa_flags=SA_RESTART|SA_SIGINFO
SIGXFSZ: [libjvm.so+0x8ad240], sa_mask[0]=11111111011111111101111111111110, sa_flags=SA_RESTART|SA_SIGINFO
SIGILL: [libjvm.so+0x8ad240], sa_mask[0]=11111111011111111101111111111110, sa_flags=SA_RESTART|SA_SIGINFO
SIGUSR1: SIG_DFL, sa_mask[0]=00000000000000000000000000000000, sa_flags=none
SIGUSR2: [libjvm.so+0x8ad110], sa_mask[0]=00000000000000000000000000000000, sa_flags=SA_RESTART|SA_SIGINFO
SIGHUP: [libjvm.so+0x8ad570], sa_mask[0]=11111111011111111101111111111110, sa_flags=SA_RESTART|SA_SIGINFO
SIGINT: [libjvm.so+0x8ad570], sa_mask[0]=11111111011111111101111111111110, sa_flags=SA_RESTART|SA_SIGINFO
SIGTERM: [libjvm.so+0x8ad570], sa_mask[0]=11111111011111111101111111111110, sa_flags=SA_RESTART|SA_SIGINFO
SIGQUIT: [libjvm.so+0x8ad570], sa_mask[0]=11111111011111111101111111111110, sa_flags=SA_RESTART|SA_SIGINFO


---------------  S Y S T E M  ---------------

OS:DISTRIB_ID=Ubuntu
DISTRIB_RELEASE=18.04
DISTRIB_CODENAME=bionic
DISTRIB_DESCRIPTION="Ubuntu 18.04.2 LTS"

uname:Linux 4.18.0-15-generic #16~18.04.1-Ubuntu SMP Thu Feb 7 14:06:04 UTC 2019 x86_64
libc:glibc 2.27 NPTL 2.27 
rlimit: STACK 8192k, CORE 0k, NPROC 13144, NOFILE 1048576, AS infinity
load average:0.03 0.36 0.54

/proc/meminfo:
MemTotal:        3481884 kB
MemFree:         1471524 kB
MemAvailable:    2413484 kB
Buffers:          149516 kB
Cached:           954148 kB
SwapCached:            0 kB
Active:           898372 kB
Inactive:         642748 kB
Active(anon):     132816 kB
Inactive(anon):   306260 kB
Active(file):     765556 kB
Inactive(file):   336488 kB
Unevictable:           0 kB
Mlocked:               0 kB
SwapTotal:       2097148 kB
SwapFree:        2096344 kB
Dirty:               600 kB
Writeback:             0 kB
AnonPages:        437500 kB
Mapped:           202288 kB
Shmem:              1596 kB
Slab:             125116 kB
SReclaimable:      80800 kB
SUnreclaim:        44316 kB
KernelStack:        6928 kB
PageTables:        23048 kB
NFS_Unstable:          0 kB
Bounce:                0 kB
WritebackTmp:          0 kB
CommitLimit:     3838088 kB
Committed_AS:    2972620 kB
VmallocTotal:   34359738367 kB
VmallocUsed:           0 kB
VmallocChunk:          0 kB
HardwareCorrupted:     0 kB
AnonHugePages:         0 kB
ShmemHugePages:        0 kB
ShmemPmdMapped:        0 kB
CmaTotal:              0 kB
CmaFree:               0 kB
HugePages_Total:       0
HugePages_Free:        0
HugePages_Rsvd:        0
HugePages_Surp:        0
Hugepagesize:       2048 kB
Hugetlb:               0 kB
DirectMap4k:      711164 kB
DirectMap2M:     2920448 kB
DirectMap1G:           0 kB


CPU:total 4 (initial active 4) (4 cores per cpu, 1 threads per core) family 22 model 48 stepping 1, cmov, cx8, fxsr, mmx, sse, sse2, sse3, ssse3, sse4.1, sse4.2, popcnt, avx, aes, clmul, mmxext, 3dnowpref, lzcnt, sse4a, tsc, tscinvbit, tscinv, bmi1

/proc/cpuinfo:
processor	: 0
vendor_id	: AuthenticAMD
cpu family	: 22
model		: 48
model name	: AMD A6-7310 APU with AMD Radeon R4 Graphics
stepping	: 1
microcode	: 0x7030105
cpu MHz		: 1527.643
cache size	: 2048 KB
physical id	: 0
siblings	: 4
core id		: 0
cpu cores	: 4
apicid		: 0
initial apicid	: 0
fpu		: yes
fpu_exception	: yes
cpuid level	: 13
wp		: yes
flags		: fpu vme de pse tsc msr pae mce cx8 apic sep mtrr pge mca cmov pat pse36 clflush mmx fxsr sse sse2 ht syscall nx mmxext fxsr_opt pdpe1gb rdtscp lm constant_tsc rep_good acc_power nopl nonstop_tsc cpuid extd_apicid aperfmperf pni pclmulqdq monitor ssse3 cx16 sse4_1 sse4_2 movbe popcnt aes xsave avx f16c rdrand lahf_lm cmp_legacy svm extapic cr8_legacy abm sse4a misalignsse 3dnowprefetch osvw ibs skinit wdt topoext perfctr_nb bpext ptsc perfctr_llc cpb hw_pstate ssbd vmmcall bmi1 xsaveopt arat npt lbrv svm_lock nrip_save tsc_scale flushbyasid decodeassists pausefilter pfthreshold overflow_recov
bugs		: fxsave_leak sysret_ss_attrs null_seg spectre_v1 spectre_v2 spec_store_bypass
bogomips	: 3992.55
TLB size	: 1024 4K pages
clflush size	: 64
cache_alignment	: 64
address sizes	: 40 bits physical, 48 bits virtual
power management: ts ttp tm 100mhzsteps hwpstate cpb acc_power [13]

processor	: 1
vendor_id	: AuthenticAMD
cpu family	: 22
model		: 48
model name	: AMD A6-7310 APU with AMD Radeon R4 Graphics
stepping	: 1
microcode	: 0x7030105
cpu MHz		: 1585.845
cache size	: 2048 KB
physical id	: 0
siblings	: 4
core id		: 1
cpu cores	: 4
apicid		: 1
initial apicid	: 1
fpu		: yes
fpu_exception	: yes
cpuid level	: 13
wp		: yes
flags		: fpu vme de pse tsc msr pae mce cx8 apic sep mtrr pge mca cmov pat pse36 clflush mmx fxsr sse sse2 ht syscall nx mmxext fxsr_opt pdpe1gb rdtscp lm constant_tsc rep_good acc_power nopl nonstop_tsc cpuid extd_apicid aperfmperf pni pclmulqdq monitor ssse3 cx16 sse4_1 sse4_2 movbe popcnt aes xsave avx f16c rdrand lahf_lm cmp_legacy svm extapic cr8_legacy abm sse4a misalignsse 3dnowprefetch osvw ibs skinit wdt topoext perfctr_nb bpext ptsc perfctr_llc cpb hw_pstate ssbd vmmcall bmi1 xsaveopt arat npt lbrv svm_lock nrip_save tsc_scale flushbyasid decodeassists pausefilter pfthreshold overflow_recov
bugs		: fxsave_leak sysret_ss_attrs null_seg spectre_v1 spectre_v2 spec_store_bypass
bogomips	: 3992.55
TLB size	: 1024 4K pages
clflush size	: 64
cache_alignment	: 64
address sizes	: 40 bits physical, 48 bits virtual
power management: ts ttp tm 100mhzsteps hwpstate cpb acc_power [13]

processor	: 2
vendor_id	: AuthenticAMD
cpu family	: 22
model		: 48
model name	: AMD A6-7310 APU with AMD Radeon R4 Graphics
stepping	: 1
microcode	: 0x7030105
cpu MHz		: 1545.717
cache size	: 2048 KB
physical id	: 0
siblings	: 4
core id		: 2
cpu cores	: 4
apicid		: 2
initial apicid	: 2
fpu		: yes
fpu_exception	: yes
cpuid level	: 13
wp		: yes
flags		: fpu vme de pse tsc msr pae mce cx8 apic sep mtrr pge mca cmov pat pse36 clflush mmx fxsr sse sse2 ht syscall nx mmxext fxsr_opt pdpe1gb rdtscp lm constant_tsc rep_good acc_power nopl nonstop_tsc cpuid extd_apicid aperfmperf pni pclmulqdq monitor ssse3 cx16 sse4_1 sse4_2 movbe popcnt aes xsave avx f16c rdrand lahf_lm cmp_legacy svm extapic cr8_legacy abm sse4a misalignsse 3dnowprefetch osvw ibs skinit wdt topoext perfctr_nb bpext ptsc perfctr_llc cpb hw_pstate ssbd vmmcall bmi1 xsaveopt arat npt lbrv svm_lock nrip_save tsc_scale flushbyasid decodeassists pausefilter pfthreshold overflow_recov
bugs		: fxsave_leak sysret_ss_attrs null_seg spectre_v1 spectre_v2 spec_store_bypass
bogomips	: 3992.55
TLB size	: 1024 4K pages
clflush size	: 64
cache_alignment	: 64
address sizes	: 40 bits physical, 48 bits virtual
power management: ts ttp tm 100mhzsteps hwpstate cpb acc_power [13]

processor	: 3
vendor_id	: AuthenticAMD
cpu family	: 22
model		: 48
model name	: AMD A6-7310 APU with AMD Radeon R4 Graphics
stepping	: 1
microcode	: 0x7030105
cpu MHz		: 1717.169
cache size	: 2048 KB
physical id	: 0
siblings	: 4
core id		: 3
cpu cores	: 4
apicid		: 3
initial apicid	: 3
fpu		: yes
fpu_exception	: yes
cpuid level	: 13
wp		: yes
flags		: fpu vme de pse tsc msr pae mce cx8 apic sep mtrr pge mca cmov pat pse36 clflush mmx fxsr sse sse2 ht syscall nx mmxext fxsr_opt pdpe1gb rdtscp lm constant_tsc rep_good acc_power nopl nonstop_tsc cpuid extd_apicid aperfmperf pni pclmulqdq monitor ssse3 cx16 sse4_1 sse4_2 movbe popcnt aes xsave avx f16c rdrand lahf_lm cmp_legacy svm extapic cr8_legacy abm sse4a misalignsse 3dnowprefetch osvw ibs skinit wdt topoext perfctr_nb bpext ptsc perfctr_llc cpb hw_pstate ssbd vmmcall bmi1 xsaveopt arat npt lbrv svm_lock nrip_save tsc_scale flushbyasid decodeassists pausefilter pfthreshold overflow_recov
bugs		: fxsave_leak sysret_ss_attrs null_seg spectre_v1 spectre_v2 spec_store_bypass
bogomips	: 3992.55
TLB size	: 1024 4K pages
clflush size	: 64
cache_alignment	: 64
address sizes	: 40 bits physical, 48 bits virtual
power management: ts ttp tm 100mhzsteps hwpstate cpb acc_power [13]



Memory: 4k page, physical 3481884k(1470196k free), swap 2097148k(2096344k free)

vm_info: OpenJDK 64-Bit Server VM (25.141-b15) for linux-amd64 JRE (1.8.0_141-BLFS-b15), built on Jul 31 2017 19:13:20 by "pierre" with gcc 7.1.0

time: Thu May 23 16:29:53 2019
elapsed time: 11815 seconds (0d 3h 16m 55s)

